#
# There is insufficient memory for the Java Runtime Environment to continue.
# Native memory allocation (malloc) failed to allocate 2248496 bytes for Chunk::new
# Possible reasons:
#   The system is out of physical RAM or swap space
#   In 32 bit mode, the process size limit was hit
# Possible solutions:
#   Reduce memory load on the system
#   Increase physical memory or swap space
#   Check if swap backing store is full
#   Use 64 bit Java on a 64 bit OS
#   Decrease Java heap size (-Xmx/-Xms)
#   Decrease number of Java threads
#   Decrease Java thread stack sizes (-Xss)
#   Set larger code cache with -XX:ReservedCodeCacheSize=
# This output file may be truncated or incomplete.
#
#  Out of Memory Error (allocation.cpp:390), pid=12276, tid=0x00000000000001ac
#
# JRE version: OpenJDK Runtime Environment (8.0_152-b01) (build 1.8.0_152-release-1248-b01)
# Java VM: OpenJDK 64-Bit Server VM (25.152-b01 mixed mode windows-amd64 compressed oops)
# Failed to write core dump. Minidumps are not enabled by default on client versions of Windows
#

---------------  T H R E A D  ---------------

Current thread (0x00000000198d9800):  JavaThread "C2 CompilerThread0" daemon [_thread_in_native, id=428, stack(0x000000001a0b0000,0x000000001a1b0000)]

Stack: [0x000000001a0b0000,0x000000001a1b0000]
[error occurred during error reporting (printing stack bounds), id 0xc0000005]

Native frames: (J=compiled Java code, j=interpreted, Vv=VM code, C=native code)


Current CompileTask:
C2:   3941 1374   !   4       java.net.URLClassLoader$1::run (63 bytes)


---------------  P R O C E S S  ---------------

Java Threads: ( => current thread )
  0x000000001d067800 JavaThread "Cache worker for journal cache (C:\Users\Kamurapi\.gradle\caches\journal-1)" [_thread_blocked, id=13304, stack(0x000000001f600000,0x000000001f700000)]
  0x000000001d069000 JavaThread "File lock request listener" [_thread_in_native, id=13120, stack(0x000000001e2d0000,0x000000001e3d0000)]
  0x000000001d066800 JavaThread "Cache worker for file hash cache (C:\Users\Kamurapi\.gradle\caches\4.10.1\fileHashes)" [_thread_blocked, id=9876, stack(0x000000001e1d0000,0x000000001e2d0000)]
  0x000000001b83e800 JavaThread "Stdin handler" [_thread_blocked, id=13148, stack(0x000000001ce00000,0x000000001cf00000)]
  0x000000001ba46800 JavaThread "Asynchronous log dispatcher for DefaultDaemonConnection: socket connection from /127.0.0.1:51687 to /127.0.0.1:51688" [_thread_blocked, id=12184, stack(0x000000001cd00000,0x000000001ce00000)]
  0x000000001ba44800 JavaThread "Daemon worker" [_thread_in_native, id=17372, stack(0x000000001ca00000,0x000000001cb00000)]
  0x000000001b94d000 JavaThread "Cancel handler" [_thread_blocked, id=12240, stack(0x000000001c900000,0x000000001ca00000)]
  0x000000001b8a4000 JavaThread "Handler for socket connection from /127.0.0.1:51687 to /127.0.0.1:51688" [_thread_in_native, id=11152, stack(0x000000001c800000,0x000000001c900000)]
  0x000000001b841000 JavaThread "Daemon" [_thread_blocked, id=7628, stack(0x000000001c700000,0x000000001c800000)]
  0x000000001b801800 JavaThread "Daemon periodic checks" [_thread_blocked, id=12808, stack(0x000000001c600000,0x000000001c700000)]
  0x000000001b8d6800 JavaThread "Incoming local TCP Connector on port 51687" [_thread_in_native, id=7932, stack(0x000000001c3c0000,0x000000001c4c0000)]
  0x000000001990b800 JavaThread "Service Thread" daemon [_thread_blocked, id=8384, stack(0x000000001a4b0000,0x000000001a5b0000)]
  0x00000000198e8000 JavaThread "C1 CompilerThread3" daemon [_thread_blocked, id=1760, stack(0x000000001a3b0000,0x000000001a4b0000)]
  0x00000000198df800 JavaThread "C2 CompilerThread2" daemon [_thread_in_native, id=17540, stack(0x000000001a2b0000,0x000000001a3b0000)]
  0x00000000198dc800 JavaThread "C2 CompilerThread1" daemon [_thread_in_native, id=15616, stack(0x000000001a1b0000,0x000000001a2b0000)]
=>0x00000000198d9800 JavaThread "C2 CompilerThread0" daemon [_thread_in_native, id=428, stack(0x000000001a0b0000,0x000000001a1b0000)]
  0x00000000198d7800 JavaThread "Attach Listener" daemon [_thread_blocked, id=11860, stack(0x0000000019fb0000,0x000000001a0b0000)]
  0x00000000179ee800 JavaThread "Signal Dispatcher" daemon [_thread_blocked, id=10092, stack(0x0000000019eb0000,0x0000000019fb0000)]
  0x00000000198d0800 JavaThread "Finalizer" daemon [_thread_blocked, id=8944, stack(0x0000000019cb0000,0x0000000019db0000)]
  0x0000000002937000 JavaThread "Reference Handler" daemon [_thread_blocked, id=7380, stack(0x00000000197b0000,0x00000000198b0000)]
  0x0000000002843800 JavaThread "main" [_thread_blocked, id=15556, stack(0x0000000002740000,0x0000000002840000)]

Other Threads:
  0x00000000179d7800 VMThread [stack: 0x00000000196b0000,0x00000000197b0000] [id=7928]
  0x000000001990c800 WatcherThread [stack: 0x000000001a5b0000,0x000000001a6b0000] [id=1932]

VM state:not at safepoint (normal execution)

VM Mutex/Monitor currently owned by a thread: None

Heap:
 PSYoungGen      total 611840K, used 283402K [0x00000000d5580000, 0x0000000100000000, 0x0000000100000000)
  eden space 524800K, 54% used [0x00000000d5580000,0x00000000e6a42900,0x00000000f5600000)
  from space 87040K, 0% used [0x00000000fab00000,0x00000000fab00000,0x0000000100000000)
  to   space 87040K, 0% used [0x00000000f5600000,0x00000000f5600000,0x00000000fab00000)
 ParOldGen       total 1398272K, used 0K [0x0000000080000000, 0x00000000d5580000, 0x00000000d5580000)
  object space 1398272K, 0% used [0x0000000080000000,0x0000000080000000,0x00000000d5580000)
 Metaspace       used 17989K, capacity 18408K, committed 18688K, reserved 1064960K
  class space    used 2610K, capacity 2761K, committed 2816K, reserved 1048576K

Card table byte_map: [0x0000000011d00000,0x0000000012110000] byte_map_base: 0x0000000011900000

Marking Bits: (ParMarkBitMap*) 0x0000000075d35aa0
 Begin Bits: [0x0000000012bc0000, 0x0000000014bc0000)
 End Bits:   [0x0000000014bc0000, 0x0000000016bc0000)

Polling page: 0x00000000026a0000

CodeCache: size=245760Kb used=5519Kb max_used=5519Kb free=240240Kb
 bounds [0x0000000002940000, 0x0000000002eb0000, 0x0000000011940000]
 total_blobs=1984 nmethods=1587 adapters=310
 compilation: enabled

Compilation events (10 events):
Event: 3.934 Thread 0x00000000198e8000 1586       3       java.util.concurrent.locks.ReentrantLock::unlock (10 bytes)
Event: 3.934 Thread 0x00000000198e8000 nmethod 1586 0x0000000002ea4410 code [0x0000000002ea45a0, 0x0000000002ea4998]
Event: 3.935 Thread 0x00000000198e8000 1587       3       java.util.concurrent.ConcurrentLinkedQueue::updateHead (20 bytes)
Event: 3.935 Thread 0x00000000198e8000 nmethod 1587 0x0000000002ea3e90 code [0x0000000002ea4000, 0x0000000002ea42f0]
Event: 3.936 Thread 0x00000000198e8000 1589   !   3       org.gradle.internal.event.AbstractBroadcastDispatch::dispatch (191 bytes)
Event: 3.937 Thread 0x00000000198e8000 nmethod 1589 0x0000000002ea51d0 code [0x0000000002ea5500, 0x0000000002ea7058]
Event: 3.937 Thread 0x00000000198e8000 1588       3       java.util.concurrent.ConcurrentLinkedQueue::poll (85 bytes)
Event: 3.938 Thread 0x00000000198e8000 nmethod 1588 0x0000000002ea2fd0 code [0x0000000002ea31a0, 0x0000000002ea3b10]
Event: 3.938 Thread 0x00000000198e8000 1590       3       java.util.concurrent.locks.AbstractQueuedSynchronizer::setState (6 bytes)
Event: 3.938 Thread 0x00000000198e8000 nmethod 1590 0x0000000002ea2cd0 code [0x0000000002ea2e20, 0x0000000002ea2f70]

GC Heap History (0 events):
No events

Deoptimization events (10 events):
Event: 3.558 Thread 0x000000001ba44800 Uncommon trap: reason=unstable_if action=reinterpret pc=0x0000000002d7f6b4 method=java.lang.String.lastIndexOf([CII[CIII)I @ 66
Event: 3.566 Thread 0x000000001ba44800 Uncommon trap: reason=unstable_if action=reinterpret pc=0x0000000002d82014 method=java.nio.charset.CoderResult.isUnderflow()Z @ 4
Event: 3.598 Thread 0x000000001ba44800 Uncommon trap: reason=unstable_if action=reinterpret pc=0x0000000002a98608 method=java.net.URI.match(CJJ)Z @ 19
Event: 3.598 Thread 0x000000001ba44800 Uncommon trap: reason=unstable_if action=reinterpret pc=0x0000000002b87a00 method=java.net.URI.match(CJJ)Z @ 19
Event: 3.598 Thread 0x000000001ba44800 Uncommon trap: reason=unstable_if action=reinterpret pc=0x0000000002a97a08 method=java.net.URI.match(CJJ)Z @ 19
Event: 3.840 Thread 0x000000001ba44800 Uncommon trap: reason=unstable_if action=reinterpret pc=0x0000000002bef698 method=java.io.File.getName()Ljava/lang/String; @ 16
Event: 3.914 Thread 0x000000001ba44800 Uncommon trap: reason=bimorphic action=maybe_recompile pc=0x0000000002dc3b1c method=java.lang.ClassLoader.loadClass(Ljava/lang/String;Z)Ljava/lang/Class; @ 38
Event: 3.918 Thread 0x000000001ba44800 Uncommon trap: reason=bimorphic action=maybe_recompile pc=0x0000000002dc3b1c method=java.lang.ClassLoader.loadClass(Ljava/lang/String;Z)Ljava/lang/Class; @ 38
Event: 3.919 Thread 0x000000001ba44800 Uncommon trap: reason=bimorphic action=maybe_recompile pc=0x0000000002dc3b1c method=java.lang.ClassLoader.loadClass(Ljava/lang/String;Z)Ljava/lang/Class; @ 38
Event: 3.919 Thread 0x000000001ba44800 Uncommon trap: reason=bimorphic action=maybe_recompile pc=0x0000000002dc3b1c method=java.lang.ClassLoader.loadClass(Ljava/lang/String;Z)Ljava/lang/Class; @ 38

Classes redefined (0 events):
No events

Internal exceptions (10 events):
Event: 3.922 Thread 0x000000001ba44800 Exception <a 'java/lang/NoSuchMethodError': <clinit>> (0x00000000e59f5b88) thrown at [D:\src\AOSP-openjdk-cygwin\jdk8u\hotspot\src\share\vm\prims\jni.cpp, line 1613]
Event: 3.923 Thread 0x000000001ba44800 Exception <a 'java/lang/OutOfMemoryError'> (0x00000000e59fc690) thrown at [D:\src\AOSP-openjdk-cygwin\jdk8u\hotspot\src\share\vm\prims\jni.cpp, line 735]
Event: 3.923 Thread 0x000000001ba44800 Exception <a 'java/lang/OutOfMemoryError'> (0x00000000e59fc690) thrown at [D:\src\AOSP-openjdk-cygwin\jdk8u\hotspot\src\share\vm\prims\jvm.cpp, line 1394]
Event: 3.923 Thread 0x000000001ba44800 Exception <a 'java/lang/OutOfMemoryError'> (0x00000000e59fc690) thrown at [D:\src\AOSP-openjdk-cygwin\jdk8u\hotspot\src\share\vm\prims\jvm.cpp, line 1394]
Event: 3.923 Thread 0x000000001ba44800 Exception <a 'java/lang/OutOfMemoryError'> (0x00000000e59fc690) thrown at [D:\src\AOSP-openjdk-cygwin\jdk8u\hotspot\src\share\vm\prims\jvm.cpp, line 1394]
Event: 3.927 Thread 0x000000001ba44800 Exception <a 'java/lang/NoSuchMethodError': <clinit>> (0x00000000e5a84f88) thrown at [D:\src\AOSP-openjdk-cygwin\jdk8u\hotspot\src\share\vm\prims\jni.cpp, line 1613]
Event: 3.929 Thread 0x000000001ba44800 Exception <a 'java/lang/NoSuchMethodError': <clinit>> (0x00000000e5aa31a0) thrown at [D:\src\AOSP-openjdk-cygwin\jdk8u\hotspot\src\share\vm\prims\jni.cpp, line 1613]
Event: 3.929 Thread 0x000000001ba44800 Exception <a 'java/lang/NoSuchMethodError': <clinit>> (0x00000000e5aa48d0) thrown at [D:\src\AOSP-openjdk-cygwin\jdk8u\hotspot\src\share\vm\prims\jni.cpp, line 1613]
Event: 3.929 Thread 0x000000001ba44800 Exception <a 'java/lang/NoSuchMethodError': <clinit>> (0x00000000e5aa6260) thrown at [D:\src\AOSP-openjdk-cygwin\jdk8u\hotspot\src\share\vm\prims\jni.cpp, line 1613]
Event: 3.931 Thread 0x000000001ba44800 Exception <a 'java/lang/NoSuchMethodError': <clinit>> (0x00000000e5abbbf0) thrown at [D:\src\AOSP-openjdk-cygwin\jdk8u\hotspot\src\share\vm\prims\jni.cpp, line 1613]

Events (10 events):
Event: 3.926 loading class java/util/IdentityHashMap$KeySet done
Event: 3.932 loading class org/gradle/internal/operations/notify/BuildOperationNotificationBridge$Finished
Event: 3.932 loading class org/gradle/internal/operations/notify/BuildOperationNotificationBridge$Finished done
Event: 3.934 loading class java/util/concurrent/ConcurrentLinkedQueue$Itr
Event: 3.934 loading class java/util/concurrent/ConcurrentLinkedQueue$Itr done
Event: 3.935 loading class org/gradle/execution/PassThruCancellableOperationManager
Event: 3.935 loading class org/gradle/execution/PassThruCancellableOperationManager done
Event: 3.936 loading class java/util/concurrent/CopyOnWriteArrayList$COWIterator
Event: 3.936 loading class java/util/concurrent/CopyOnWriteArrayList$COWIterator done
Event: 3.937 Thread 0x000000001d063800 Thread exited: 0x000000001d063800


Dynamic libraries:
0x00007ff730f70000 - 0x00007ff730fa1000 	D:\Android\jre\bin\java.exe
0x00007fff656a0000 - 0x00007fff6588d000 	C:\WINDOWS\SYSTEM32\ntdll.dll
0x00007fff65540000 - 0x00007fff655f3000 	C:\WINDOWS\System32\KERNEL32.DLL
0x00007fff61760000 - 0x00007fff619f3000 	C:\WINDOWS\System32\KERNELBASE.dll
0x00007fff64c60000 - 0x00007fff64d03000 	C:\WINDOWS\System32\ADVAPI32.dll
0x00007fff64880000 - 0x00007fff6491e000 	C:\WINDOWS\System32\msvcrt.dll
0x00007fff628c0000 - 0x00007fff6295e000 	C:\WINDOWS\System32\sechost.dll
0x00007fff64930000 - 0x00007fff64a52000 	C:\WINDOWS\System32\RPCRT4.dll
0x00007fff65120000 - 0x00007fff652b7000 	C:\WINDOWS\System32\USER32.dll
0x00007fff61b70000 - 0x00007fff61b90000 	C:\WINDOWS\System32\win32u.dll
0x00007fff65470000 - 0x00007fff65499000 	C:\WINDOWS\System32\GDI32.dll
0x00007fff62390000 - 0x00007fff62529000 	C:\WINDOWS\System32\gdi32full.dll
0x00007fff625e0000 - 0x00007fff62680000 	C:\WINDOWS\System32\msvcp_win.dll
0x00007fff61a50000 - 0x00007fff61b4a000 	C:\WINDOWS\System32\ucrtbase.dll
0x00007fff4d050000 - 0x00007fff4d2c9000 	C:\WINDOWS\WinSxS\amd64_microsoft.windows.common-controls_6595b64144ccf1df_6.0.17763.802_none_05b1445c0722d2cc\COMCTL32.dll
0x00007fff64d10000 - 0x00007fff6503c000 	C:\WINDOWS\System32\combase.dll
0x00007fff622e0000 - 0x00007fff6235e000 	C:\WINDOWS\System32\bcryptPrimitives.dll
0x00007fff650f0000 - 0x00007fff6511e000 	C:\WINDOWS\System32\IMM32.DLL
0x0000000076020000 - 0x00000000760f2000 	D:\Android\jre\jre\bin\msvcr100.dll
0x0000000075570000 - 0x0000000075db1000 	D:\Android\jre\jre\bin\server\jvm.dll
0x00007fff64920000 - 0x00007fff64928000 	C:\WINDOWS\System32\PSAPI.DLL
0x00007fff60360000 - 0x00007fff60369000 	C:\WINDOWS\SYSTEM32\WSOCK32.dll
0x00007fff55400000 - 0x00007fff55424000 	C:\WINDOWS\SYSTEM32\WINMM.dll
0x00007fff59a60000 - 0x00007fff59a6a000 	C:\WINDOWS\SYSTEM32\VERSION.dll
0x00007fff65600000 - 0x00007fff6566d000 	C:\WINDOWS\System32\WS2_32.dll
0x00007fff553d0000 - 0x00007fff553fd000 	C:\WINDOWS\SYSTEM32\winmmbase.dll
0x00007fff61a00000 - 0x00007fff61a4a000 	C:\WINDOWS\System32\cfgmgr32.dll
0x00007fff5a2b0000 - 0x00007fff5a2bf000 	D:\Android\jre\jre\bin\verify.dll
0x00007fff442e0000 - 0x00007fff44309000 	D:\Android\jre\jre\bin\java.dll
0x00007fff4c800000 - 0x00007fff4c816000 	D:\Android\jre\jre\bin\zip.dll
0x00007fff63380000 - 0x00007fff64874000 	C:\WINDOWS\System32\SHELL32.dll
0x00007fff62b10000 - 0x00007fff62bb8000 	C:\WINDOWS\System32\shcore.dll
0x00007fff61b90000 - 0x00007fff622dd000 	C:\WINDOWS\System32\windows.storage.dll
0x00007fff61730000 - 0x00007fff61754000 	C:\WINDOWS\System32\profapi.dll
0x00007fff616b0000 - 0x00007fff6170d000 	C:\WINDOWS\System32\powrprof.dll
0x00007fff64c00000 - 0x00007fff64c52000 	C:\WINDOWS\System32\shlwapi.dll
0x00007fff61690000 - 0x00007fff616a1000 	C:\WINDOWS\System32\kernel.appcore.dll
0x00007fff61b50000 - 0x00007fff61b67000 	C:\WINDOWS\System32\cryptsp.dll
0x00007fff56610000 - 0x00007fff5662a000 	D:\Android\jre\jre\bin\net.dll
0x00007fff60ea0000 - 0x00007fff60f07000 	C:\WINDOWS\system32\mswsock.dll
0x00007fff4c720000 - 0x00007fff4c731000 	D:\Android\jre\jre\bin\nio.dll
0x00007fff58bd0000 - 0x00007fff58bee000 	C:\Users\Kamurapi\.gradle\native\25\windows-amd64\native-platform.dll
0x00007fff58dd0000 - 0x00007fff58ddd000 	D:\Android\jre\jre\bin\management.dll
0x00007fff60a20000 - 0x00007fff60a53000 	C:\WINDOWS\system32\rsaenh.dll
0x00007fff62360000 - 0x00007fff62386000 	C:\WINDOWS\System32\bcrypt.dll
0x00007fff615c0000 - 0x00007fff615e8000 	C:\WINDOWS\SYSTEM32\USERENV.dll
0x00007fff61070000 - 0x00007fff6107c000 	C:\WINDOWS\SYSTEM32\CRYPTBASE.dll
0x00007fff60bc0000 - 0x00007fff60bfd000 	C:\WINDOWS\SYSTEM32\IPHLPAPI.DLL
0x00007fff63370000 - 0x00007fff63378000 	C:\WINDOWS\System32\NSI.dll
0x00007fff59990000 - 0x00007fff599a6000 	C:\WINDOWS\SYSTEM32\dhcpcsvc6.DLL
0x00007fff599b0000 - 0x00007fff599cc000 	C:\WINDOWS\SYSTEM32\dhcpcsvc.DLL
0x00007fff60c00000 - 0x00007fff60cc6000 	C:\WINDOWS\SYSTEM32\DNSAPI.dll

VM Arguments:
jvm_args: -Xmx1536m -Dfile.encoding=windows-1252 -Duser.country=US -Duser.language=en -Duser.variant -Xmx2G -Xms2G 
java_command: org.gradle.launcher.daemon.bootstrap.GradleDaemon 4.10.1
java_class_path (initial): C:\Users\Kamurapi\.gradle\wrapper\dists\gradle-4.10.1-all\455itskqi2qtf0v2sja68alqd\gradle-4.10.1\lib\gradle-launcher-4.10.1.jar
Launcher Type: SUN_STANDARD

Environment Variables:
JAVA_HOME=C:\Program Files\Java\jdk1.8.0_201
JRE_HOME=C:\Program Files\Java\jre1.8.0_201
_JAVA_OPTIONS=-Xmx2G -Xms2G
PATH=C:\ProgramData\Anaconda3;C:\ProgramData\Anaconda3\Library\mingw-w64\bin;C:\ProgramData\Anaconda3\Library\usr\bin;C:\ProgramData\Anaconda3\Library\bin;C:\ProgramData\Anaconda3\Scripts;C:\Program Files (x86)\Common Files\Oracle\Java\javapath;C:\oraclexe\app\oracle\product\10.2.0\server\bin;C:\ProgramData\Oracle\Java\javapath;C:\Windows\system32;C:\Windows;C:\Windows\System32\Wbem;C:\Windows\System32\WindowsPowerShell\v1.0\;C:\Program Files (x86)\NVIDIA Corporation\PhysX\Common;C:\Program Files\Intel\WiFi\bin\;C:\Program Files\Common Files\Intel\WirelessCommon\;C:\Program Files (x86)\GtkSharp\2.12\bin;C:\Program Files\dotnet\;C:\WINDOWS\system32;C:\WINDOWS;C:\WINDOWS\System32\Wbem;C:\WINDOWS\System32\WindowsPowerShell\v1.0\;C:\Program Files\PuTTY\;C:\Program Files\MiKTeX 2.9\miktex\bin\x64\;C:\WINDOWS\System32\OpenSSH\;C:\Program Files\NVIDIA Corporation\NVIDIA NvDLISR;C:\Program Files\nodejs\;C:\xampp\php;D:\Vagrant\bin;D:\big_data\spark\spark-2.3.3-bin-hadoop2.7\bin;C:\Program Files\Java\jdk1.8.0_201\bin;C:\Users\Kamurapi\AppData\Local\Programs\Python\Python36;C:\WINDOWS\system32;C:\WINDOWS;C:\WINDOWS\System32\Wbem;C:\WINDOWS\System32\WindowsPowerShell\v1.0\;C:\WINDOWS\System32\OpenSSH\;C:\FPC\3.0.2\bin\i386-Win32;C:\composer;C:\Tools\zookeeper-3.4.9\bin;C:\Program Files\Git\cmd;C:\Program Files\MySQL\MySQL Shell 8.0\bin\;C:\Users\Kamurapi\AppData\Local\Programs\Microsoft VS Code\bin;C:\Users\Kamurapi\AppData\Local\GitHubDesktop\bin;E:\Progam Files\Docker Toolbox
USERNAME=Kamurapi
OS=Windows_NT
PROCESSOR_IDENTIFIER=Intel64 Family 6 Model 94 Stepping 3, GenuineIntel



---------------  S Y S T E M  ---------------

OS: Windows 10.0 , 64 bit Build 17763 (10.0.17763.475)

CPU:total 8 (initial active 8) (4 cores per cpu, 2 threads per core) family 6 model 94 stepping 3, cmov, cx8, fxsr, mmx, sse, sse2, sse3, ssse3, sse4.1, sse4.2, popcnt, avx, avx2, aes, clmul, erms, rtm, 3dnowpref, lzcnt, ht, tsc, tscinvbit, bmi1, bmi2, adx

Memory: 4k page, physical 8278804k(2206500k free), swap 33444628k(5552k free)

vm_info: OpenJDK 64-Bit Server VM (25.152-b01) for windows-amd64 JRE (1.8.0_152-release-1248-b01), built by "builder" with MS VC++ 10.0 (VS2010)

time: Thu Oct 10 15:08:36 2019
elapsed time: 3 seconds (0d 0h 0m 3s)

