#
# There is insufficient memory for the Java Runtime Environment to continue.
# Native memory allocation (malloc) failed to allocate 919984 bytes for Chunk::new
# Possible reasons:
#   The system is out of physical RAM or swap space
#   In 32 bit mode, the process size limit was hit
# Possible solutions:
#   Reduce memory load on the system
#   Increase physical memory or swap space
#   Check if swap backing store is full
#   Use 64 bit Java on a 64 bit OS
#   Decrease Java heap size (-Xmx/-Xms)
#   Decrease number of Java threads
#   Decrease Java thread stack sizes (-Xss)
#   Set larger code cache with -XX:ReservedCodeCacheSize=
# This output file may be truncated or incomplete.
#
#  Out of Memory Error (allocation.cpp:390), pid=7680, tid=0x00000000000029b4
#
# JRE version: OpenJDK Runtime Environment (8.0_152-b01) (build 1.8.0_152-release-1248-b01)
# Java VM: OpenJDK 64-Bit Server VM (25.152-b01 mixed mode windows-amd64 compressed oops)
# Failed to write core dump. Minidumps are not enabled by default on client versions of Windows
#

---------------  T H R E A D  ---------------

Current thread (0x000000001a2db000):  JavaThread "C2 CompilerThread0" daemon [_thread_in_native, id=10676, stack(0x000000001aab0000,0x000000001abb0000)]

Stack: [0x000000001aab0000,0x000000001abb0000]
[error occurred during error reporting (printing stack bounds), id 0xc0000005]

Native frames: (J=compiled Java code, j=interpreted, Vv=VM code, C=native code)


Current CompileTask:
C2:  10027 2528       4       java.io.WinNTFileSystem::normalize (143 bytes)


---------------  P R O C E S S  ---------------

Java Threads: ( => current thread )
  0x000000001ee65800 JavaThread "Build operations Thread 8" [_thread_in_native, id=9948, stack(0x0000000023bd0000,0x0000000023cd0000)]
  0x000000001ee67000 JavaThread "Build operations Thread 7" [_thread_blocked, id=10568, stack(0x0000000023ad0000,0x0000000023bd0000)]
  0x000000001ee62800 JavaThread "Build operations Thread 6" [_thread_blocked, id=15032, stack(0x00000000239d0000,0x0000000023ad0000)]
  0x000000001ee61800 JavaThread "Build operations Thread 5" [_thread_blocked, id=15844, stack(0x00000000238d0000,0x00000000239d0000)]
  0x000000001ee66000 JavaThread "Build operations Thread 4" [_thread_blocked, id=9236, stack(0x00000000237d0000,0x00000000238d0000)]
  0x000000001ee61000 JavaThread "Build operations Thread 3" [_thread_blocked, id=5020, stack(0x00000000236d0000,0x00000000237d0000)]
  0x000000001c146800 JavaThread "Build operations Thread 2" [_thread_blocked, id=4372, stack(0x00000000235d0000,0x00000000236d0000)]
  0x000000001c145800 JavaThread "Build operations" [_thread_blocked, id=3888, stack(0x00000000234d0000,0x00000000235d0000)]
  0x000000001c140800 JavaThread "Cache worker for Artifact transforms cache (C:\Users\Kamurapi\.gradle\caches\transforms-1)" [_thread_blocked, id=8284, stack(0x00000000233d0000,0x00000000234d0000)]
  0x000000001c142000 JavaThread "Cache worker for cache directory md-rule (C:\Users\Kamurapi\.gradle\caches\4.10.1\md-rule)" [_thread_blocked, id=5492, stack(0x00000000230a0000,0x00000000231a0000)]
  0x000000001c144000 JavaThread "Cache worker for cache directory md-supplier (C:\Users\Kamurapi\.gradle\caches\4.10.1\md-supplier)" [_thread_blocked, id=14784, stack(0x0000000022fa0000,0x00000000230a0000)]
  0x000000001c143800 JavaThread "Cache worker for journal cache (C:\Users\Kamurapi\.gradle\caches\journal-1)" [_thread_blocked, id=6608, stack(0x00000000226c0000,0x00000000227c0000)]
  0x000000001c142800 JavaThread "Cache worker for file hash cache (D:\KULIAH\SMT-7_PPB\Learning to build Apps\Pertemuan 7\Gmaps-v1.2\.gradle\4.10.1\fileHashes)" [_thread_blocked, id=3980, stack(0x0000000021510000,0x0000000021610000)]
  0x000000001fabb000 JavaThread "File lock request listener" [_thread_in_native, id=10284, stack(0x0000000021410000,0x0000000021510000)]
  0x000000001e3ea000 JavaThread "Cache worker for file hash cache (C:\Users\Kamurapi\.gradle\caches\4.10.1\fileHashes)" [_thread_blocked, id=11008, stack(0x0000000020f40000,0x0000000021040000)]
  0x000000001c22d800 JavaThread "Stdin handler" [_thread_blocked, id=16504, stack(0x000000001d800000,0x000000001d900000)]
  0x000000001c22a800 JavaThread "Asynchronous log dispatcher for DefaultDaemonConnection: socket connection from /127.0.0.1:51675 to /127.0.0.1:51676" [_thread_blocked, id=14664, stack(0x000000001d700000,0x000000001d800000)]
  0x000000001c17c000 JavaThread "Daemon worker" [_thread_blocked, id=18188, stack(0x000000001d400000,0x000000001d500000)]
  0x000000001c229800 JavaThread "Cancel handler" [_thread_blocked, id=14540, stack(0x000000001d300000,0x000000001d400000)]
  0x000000001c165800 JavaThread "Handler for socket connection from /127.0.0.1:51675 to /127.0.0.1:51676" [_thread_in_native, id=18352, stack(0x000000001d200000,0x000000001d300000)]
  0x000000001c17e800 JavaThread "Daemon" [_thread_blocked, id=13920, stack(0x000000001d100000,0x000000001d200000)]
  0x000000001c362800 JavaThread "Daemon periodic checks" [_thread_blocked, id=1464, stack(0x000000001d000000,0x000000001d100000)]
  0x000000001c352000 JavaThread "Incoming local TCP Connector on port 51675" [_thread_in_native, id=11556, stack(0x000000001cdc0000,0x000000001cec0000)]
  0x000000001a382000 JavaThread "Service Thread" daemon [_thread_blocked, id=12712, stack(0x000000001aeb0000,0x000000001afb0000)]
  0x000000001a2e5000 JavaThread "C1 CompilerThread3" daemon [_thread_blocked, id=15388, stack(0x000000001adb0000,0x000000001aeb0000)]
  0x000000001a2e1000 JavaThread "C2 CompilerThread2" daemon [_thread_blocked, id=9992, stack(0x000000001acb0000,0x000000001adb0000)]
  0x000000001a2de000 JavaThread "C2 CompilerThread1" daemon [_thread_blocked, id=10376, stack(0x000000001abb0000,0x000000001acb0000)]
=>0x000000001a2db000 JavaThread "C2 CompilerThread0" daemon [_thread_in_native, id=10676, stack(0x000000001aab0000,0x000000001abb0000)]
  0x000000001a2d8000 JavaThread "Attach Listener" daemon [_thread_blocked, id=12744, stack(0x000000001a9b0000,0x000000001aab0000)]
  0x000000001a2d7000 JavaThread "Signal Dispatcher" daemon [_thread_blocked, id=17852, stack(0x000000001a8b0000,0x000000001a9b0000)]
  0x000000001a2d1800 JavaThread "Finalizer" daemon [_thread_blocked, id=10156, stack(0x000000001a6b0000,0x000000001a7b0000)]
  0x0000000003356800 JavaThread "Reference Handler" daemon [_thread_blocked, id=7260, stack(0x000000001a1b0000,0x000000001a2b0000)]
  0x0000000003263800 JavaThread "main" [_thread_blocked, id=15684, stack(0x00000000030b0000,0x00000000031b0000)]

Other Threads:
  0x00000000183c8800 VMThread [stack: 0x000000001a0b0000,0x000000001a1b0000] [id=15900]
  0x000000001a393800 WatcherThread [stack: 0x000000001afb0000,0x000000001b0b0000] [id=12900]

VM state:not at safepoint (normal execution)

VM Mutex/Monitor currently owned by a thread: None

Heap:
 PSYoungGen      total 611840K, used 157011K [0x00000000d5580000, 0x0000000100000000, 0x0000000100000000)
  eden space 524800K, 29% used [0x00000000d5580000,0x00000000deed4e40,0x00000000f5600000)
  from space 87040K, 0% used [0x00000000f5600000,0x00000000f5600000,0x00000000fab00000)
  to   space 87040K, 0% used [0x00000000fab00000,0x00000000fab00000,0x0000000100000000)
 ParOldGen       total 1398272K, used 18847K [0x0000000080000000, 0x00000000d5580000, 0x00000000d5580000)
  object space 1398272K, 1% used [0x0000000080000000,0x0000000081267e18,0x00000000d5580000)
 Metaspace       used 30359K, capacity 30896K, committed 31152K, reserved 1075200K
  class space    used 4219K, capacity 4419K, committed 4528K, reserved 1048576K

Card table byte_map: [0x0000000012720000,0x0000000012b30000] byte_map_base: 0x0000000012320000

Marking Bits: (ParMarkBitMap*) 0x0000000075d35aa0
 Begin Bits: [0x00000000135e0000, 0x00000000155e0000)
 End Bits:   [0x00000000155e0000, 0x00000000175e0000)

Polling page: 0x0000000001370000

CodeCache: size=245760Kb used=9795Kb max_used=9852Kb free=235964Kb
 bounds [0x0000000003360000, 0x0000000003d10000, 0x0000000012360000]
 total_blobs=3286 nmethods=2608 adapters=591
 compilation: enabled

Compilation events (10 events):
Event: 9.982 Thread 0x000000001a2e5000 2647       3       org.gradle.internal.event.BroadcastDispatch$CompositeDispatch::dispatch (9 bytes)
Event: 9.983 Thread 0x000000001a2e5000 nmethod 2647 0x0000000003d03c10 code [0x0000000003d03da0, 0x0000000003d041d8]
Event: 9.983 Thread 0x000000001a2e5000 2648       3       org.gradle.internal.event.BroadcastDispatch$CompositeDispatch::dispatch (15 bytes)
Event: 9.983 Thread 0x000000001a2e5000 nmethod 2648 0x0000000003d036d0 code [0x0000000003d03840, 0x0000000003d03b18]
Event: 10.000 Thread 0x000000001a2e5000 2649       3       org.gradle.api.internal.attributes.DefaultImmutableAttributes::isEmpty (13 bytes)
Event: 10.000 Thread 0x000000001a2e5000 nmethod 2649 0x0000000003d03350 code [0x0000000003d034a0, 0x0000000003d03650]
Event: 10.000 Thread 0x000000001a2e5000 2650       3       com.google.common.collect.ImmutableSet::<init> (5 bytes)
Event: 10.001 Thread 0x000000001a2e5000 nmethod 2650 0x0000000003d02e50 code [0x0000000003d02fc0, 0x0000000003d03230]
Event: 10.001 Thread 0x000000001a2e5000 2651       1       java.util.Collections$SingletonList::size (2 bytes)
Event: 10.001 Thread 0x000000001a2e5000 nmethod 2651 0x0000000003d02b90 code [0x0000000003d02ce0, 0x0000000003d02df0]

GC Heap History (4 events):
Event: 6.816 GC heap before
{Heap before GC invocations=1 (full 0):
 PSYoungGen      total 611840K, used 304394K [0x00000000d5580000, 0x0000000100000000, 0x0000000100000000)
  eden space 524800K, 58% used [0x00000000d5580000,0x00000000e7ec2960,0x00000000f5600000)
  from space 87040K, 0% used [0x00000000fab00000,0x00000000fab00000,0x0000000100000000)
  to   space 87040K, 0% used [0x00000000f5600000,0x00000000f5600000,0x00000000fab00000)
 ParOldGen       total 1398272K, used 0K [0x0000000080000000, 0x00000000d5580000, 0x00000000d5580000)
  object space 1398272K, 0% used [0x0000000080000000,0x0000000080000000,0x00000000d5580000)
 Metaspace       used 20826K, capacity 21238K, committed 21296K, reserved 1067008K
  class space    used 2917K, capacity 3085K, committed 3120K, reserved 1048576K
Event: 6.841 GC heap after
Heap after GC invocations=1 (full 0):
 PSYoungGen      total 611840K, used 19544K [0x00000000d5580000, 0x0000000100000000, 0x0000000100000000)
  eden space 524800K, 0% used [0x00000000d5580000,0x00000000d5580000,0x00000000f5600000)
  from space 87040K, 22% used [0x00000000f5600000,0x00000000f6916200,0x00000000fab00000)
  to   space 87040K, 0% used [0x00000000fab00000,0x00000000fab00000,0x0000000100000000)
 ParOldGen       total 1398272K, used 16K [0x0000000080000000, 0x00000000d5580000, 0x00000000d5580000)
  object space 1398272K, 0% used [0x0000000080000000,0x0000000080004000,0x00000000d5580000)
 Metaspace       used 20826K, capacity 21238K, committed 21296K, reserved 1067008K
  class space    used 2917K, capacity 3085K, committed 3120K, reserved 1048576K
}
Event: 6.841 GC heap before
{Heap before GC invocations=2 (full 1):
 PSYoungGen      total 611840K, used 19544K [0x00000000d5580000, 0x0000000100000000, 0x0000000100000000)
  eden space 524800K, 0% used [0x00000000d5580000,0x00000000d5580000,0x00000000f5600000)
  from space 87040K, 22% used [0x00000000f5600000,0x00000000f6916200,0x00000000fab00000)
  to   space 87040K, 0% used [0x00000000fab00000,0x00000000fab00000,0x0000000100000000)
 ParOldGen       total 1398272K, used 16K [0x0000000080000000, 0x00000000d5580000, 0x00000000d5580000)
  object space 1398272K, 0% used [0x0000000080000000,0x0000000080004000,0x00000000d5580000)
 Metaspace       used 20826K, capacity 21238K, committed 21296K, reserved 1067008K
  class space    used 2917K, capacity 3085K, committed 3120K, reserved 1048576K
Event: 6.893 GC heap after
Heap after GC invocations=2 (full 1):
 PSYoungGen      total 611840K, used 0K [0x00000000d5580000, 0x0000000100000000, 0x0000000100000000)
  eden space 524800K, 0% used [0x00000000d5580000,0x00000000d5580000,0x00000000f5600000)
  from space 87040K, 0% used [0x00000000f5600000,0x00000000f5600000,0x00000000fab00000)
  to   space 87040K, 0% used [0x00000000fab00000,0x00000000fab00000,0x0000000100000000)
 ParOldGen       total 1398272K, used 18847K [0x0000000080000000, 0x00000000d5580000, 0x00000000d5580000)
  object space 1398272K, 1% used [0x0000000080000000,0x0000000081267e18,0x00000000d5580000)
 Metaspace       used 20826K, capacity 21238K, committed 21296K, reserved 1067008K
  class space    used 2917K, capacity 3085K, committed 3120K, reserved 1048576K
}

Deoptimization events (10 events):
Event: 7.789 Thread 0x000000001c17c000 Uncommon trap: reason=unstable_if action=reinterpret pc=0x00000000037a8238 method=java.util.HashMap.putVal(ILjava/lang/Object;Ljava/lang/Object;ZZ)Ljava/lang/Object; @ 85
Event: 7.835 Thread 0x000000001c17c000 Uncommon trap: reason=unstable_if action=reinterpret pc=0x0000000003602bb0 method=java.util.LinkedHashMap.afterNodeInsertion(Z)V @ 1
Event: 8.198 Thread 0x000000001c17c000 Uncommon trap: reason=class_check action=maybe_recompile pc=0x000000000394af00 method=sun.misc.URLClassPath.getLoader(I)Lsun/misc/URLClassPath$Loader; @ 94
Event: 8.224 Thread 0x000000001c17c000 Uncommon trap: reason=class_check action=maybe_recompile pc=0x0000000003947704 method=sun.misc.URLClassPath.getLoader(I)Lsun/misc/URLClassPath$Loader; @ 239
Event: 8.383 Thread 0x000000001c17c000 Uncommon trap: reason=unstable_if action=reinterpret pc=0x00000000035e938c method=java.io.WinNTFileSystem.resolve(Ljava/lang/String;Ljava/lang/String;)Ljava/lang/String; @ 49
Event: 8.916 Thread 0x000000001c17c000 Uncommon trap: reason=unstable_if action=reinterpret pc=0x0000000003b73c20 method=java.net.URI.match(CJJ)Z @ 45
Event: 9.789 Thread 0x000000001c17c000 Uncommon trap: reason=unstable_if action=reinterpret pc=0x0000000003cac058 method=java.util.concurrent.ConcurrentHashMap.get(Ljava/lang/Object;)Ljava/lang/Object; @ 152
Event: 9.789 Thread 0x000000001c17c000 Uncommon trap: reason=class_check action=maybe_recompile pc=0x000000000385a22c method=java.util.concurrent.ConcurrentHashMap.putVal(Ljava/lang/Object;Ljava/lang/Object;Z)Ljava/lang/Object; @ 192
Event: 9.828 Thread 0x000000001c17c000 Uncommon trap: reason=class_check action=maybe_recompile pc=0x000000000385a22c method=java.util.concurrent.ConcurrentHashMap.putVal(Ljava/lang/Object;Ljava/lang/Object;Z)Ljava/lang/Object; @ 192
Event: 9.833 Thread 0x000000001c17c000 Uncommon trap: reason=class_check action=maybe_recompile pc=0x000000000385a22c method=java.util.concurrent.ConcurrentHashMap.putVal(Ljava/lang/Object;Ljava/lang/Object;Z)Ljava/lang/Object; @ 192

Classes redefined (0 events):
No events

Internal exceptions (10 events):
Event: 8.459 Thread 0x000000001c17c000 Exception <a 'java/lang/ClassNotFoundException': org/gradle/api/internal/DefaultDomainObjectCollectionCustomizer> (0x00000000da4a47f8) thrown at [D:\src\AOSP-openjdk-cygwin\jdk8u\hotspot\src\share\vm\classfile\systemDictionary.cpp, line 210]
Event: 8.461 Thread 0x000000001c17c000 Exception <a 'java/lang/ClassNotFoundException': org/gradle/api/internal/DefaultNamedDomainObjectCollectionCustomizer> (0x00000000da4ff960) thrown at [D:\src\AOSP-openjdk-cygwin\jdk8u\hotspot\src\share\vm\classfile\systemDictionary.cpp, line 210]
Event: 8.472 Thread 0x000000001c17c000 Exception <a 'java/lang/ClassNotFoundException': org/gradle/api/internal/DefaultNamedDomainObjectListCustomizer> (0x00000000da575d18) thrown at [D:\src\AOSP-openjdk-cygwin\jdk8u\hotspot\src\share\vm\classfile\systemDictionary.cpp, line 210]
Event: 8.475 Thread 0x000000001c17c000 Exception <a 'java/lang/ClassNotFoundException': org/gradle/api/internal/artifacts/DefaultArtifactRepositoryContainerCustomizer> (0x00000000da5e9a38) thrown at [D:\src\AOSP-openjdk-cygwin\jdk8u\hotspot\src\share\vm\classfile\systemDictionary.cpp, line 210
Event: 8.476 Thread 0x000000001c17c000 Exception <a 'java/lang/ClassNotFoundException': org/gradle/api/internal/artifacts/dsl/DefaultRepositoryHandlerCustomizer> (0x00000000da64fbc0) thrown at [D:\src\AOSP-openjdk-cygwin\jdk8u\hotspot\src\share\vm\classfile\systemDictionary.cpp, line 210]
Event: 8.478 Thread 0x000000001c17c000 Exception <a 'java/lang/ClassNotFoundException': org/gradle/api/internal/artifacts/dsl/DefaultRepositoryHandler_DecoratedCustomizer> (0x00000000da6bf010) thrown at [D:\src\AOSP-openjdk-cygwin\jdk8u\hotspot\src\share\vm\classfile\systemDictionary.cpp, line
Event: 8.878 Thread 0x000000001c17c000 Exception <a 'java/lang/ClassNotFoundException': org/gradle/api/internal/artifacts/dsl/dependencies/DefaultDependencyHandler_DecoratedBeanInfo> (0x00000000dc3a10b8) thrown at [D:\src\AOSP-openjdk-cygwin\jdk8u\hotspot\src\share\vm\classfile\systemDictionar
Event: 8.880 Thread 0x000000001c17c000 Exception <a 'java/lang/ClassNotFoundException': org/gradle/api/internal/artifacts/dsl/dependencies/DefaultDependencyHandlerBeanInfo> (0x00000000dc3f3460) thrown at [D:\src\AOSP-openjdk-cygwin\jdk8u\hotspot\src\share\vm\classfile\systemDictionary.cpp, lin
Event: 8.881 Thread 0x000000001c17c000 Exception <a 'java/lang/ClassNotFoundException': org/gradle/api/internal/artifacts/dsl/dependencies/DefaultDependencyHandlerCustomizer> (0x00000000dc4466d8) thrown at [D:\src\AOSP-openjdk-cygwin\jdk8u\hotspot\src\share\vm\classfile\systemDictionary.cpp, l
Event: 8.883 Thread 0x000000001c17c000 Exception <a 'java/lang/ClassNotFoundException': org/gradle/api/internal/artifacts/dsl/dependencies/DefaultDependencyHandler_DecoratedCustomizer> (0x00000000dc4c0b40) thrown at [D:\src\AOSP-openjdk-cygwin\jdk8u\hotspot\src\share\vm\classfile\systemDiction

Events (10 events):
Event: 10.004 loading class org/gradle/api/internal/artifacts/ivyservice/DefaultLenientConfiguration$2
Event: 10.004 loading class org/gradle/api/internal/artifacts/ivyservice/DefaultLenientConfiguration$2 done
Event: 10.004 loading class org/gradle/api/internal/artifacts/ResolveArtifactsBuildOperationType$DetailsImpl
Event: 10.004 loading class org/gradle/api/internal/artifacts/ResolveArtifactsBuildOperationType$DetailsImpl done
Event: 10.004 loading class org/gradle/api/internal/artifacts/ResolveArtifactsBuildOperationType$Details
Event: 10.004 loading class org/gradle/api/internal/artifacts/ResolveArtifactsBuildOperationType$Details done
Event: 10.005 loading class org/gradle/api/internal/artifacts/ivyservice/resolveengine/artifact/ParallelResolveArtifactSet
Event: 10.005 loading class org/gradle/api/internal/artifacts/ivyservice/resolveengine/artifact/ParallelResolveArtifactSet done
Event: 10.005 loading class org/gradle/api/internal/artifacts/ivyservice/resolveengine/artifact/ParallelResolveArtifactSet$EmptySet
Event: 10.005 loading class org/gradle/api/internal/artifacts/ivyservice/resolveengine/artifact/ParallelResolveArtifactSet$EmptySet done


Dynamic libraries:
0x00007ff730f70000 - 0x00007ff730fa1000 	D:\Android\jre\bin\java.exe
0x00007fff656a0000 - 0x00007fff6588d000 	C:\WINDOWS\SYSTEM32\ntdll.dll
0x00007fff65540000 - 0x00007fff655f3000 	C:\WINDOWS\System32\KERNEL32.DLL
0x00007fff61760000 - 0x00007fff619f3000 	C:\WINDOWS\System32\KERNELBASE.dll
0x00007fff64c60000 - 0x00007fff64d03000 	C:\WINDOWS\System32\ADVAPI32.dll
0x00007fff64880000 - 0x00007fff6491e000 	C:\WINDOWS\System32\msvcrt.dll
0x00007fff628c0000 - 0x00007fff6295e000 	C:\WINDOWS\System32\sechost.dll
0x00007fff64930000 - 0x00007fff64a52000 	C:\WINDOWS\System32\RPCRT4.dll
0x00007fff65120000 - 0x00007fff652b7000 	C:\WINDOWS\System32\USER32.dll
0x00007fff61b70000 - 0x00007fff61b90000 	C:\WINDOWS\System32\win32u.dll
0x00007fff65470000 - 0x00007fff65499000 	C:\WINDOWS\System32\GDI32.dll
0x00007fff62390000 - 0x00007fff62529000 	C:\WINDOWS\System32\gdi32full.dll
0x00007fff625e0000 - 0x00007fff62680000 	C:\WINDOWS\System32\msvcp_win.dll
0x00007fff61a50000 - 0x00007fff61b4a000 	C:\WINDOWS\System32\ucrtbase.dll
0x00007fff4d050000 - 0x00007fff4d2c9000 	C:\WINDOWS\WinSxS\amd64_microsoft.windows.common-controls_6595b64144ccf1df_6.0.17763.802_none_05b1445c0722d2cc\COMCTL32.dll
0x00007fff64d10000 - 0x00007fff6503c000 	C:\WINDOWS\System32\combase.dll
0x00007fff622e0000 - 0x00007fff6235e000 	C:\WINDOWS\System32\bcryptPrimitives.dll
0x00007fff650f0000 - 0x00007fff6511e000 	C:\WINDOWS\System32\IMM32.DLL
0x0000000076020000 - 0x00000000760f2000 	D:\Android\jre\jre\bin\msvcr100.dll
0x0000000075570000 - 0x0000000075db1000 	D:\Android\jre\jre\bin\server\jvm.dll
0x00007fff64920000 - 0x00007fff64928000 	C:\WINDOWS\System32\PSAPI.DLL
0x00007fff55400000 - 0x00007fff55424000 	C:\WINDOWS\SYSTEM32\WINMM.dll
0x00007fff60360000 - 0x00007fff60369000 	C:\WINDOWS\SYSTEM32\WSOCK32.dll
0x00007fff59a60000 - 0x00007fff59a6a000 	C:\WINDOWS\SYSTEM32\VERSION.dll
0x00007fff65600000 - 0x00007fff6566d000 	C:\WINDOWS\System32\WS2_32.dll
0x00007fff553d0000 - 0x00007fff553fd000 	C:\WINDOWS\SYSTEM32\WINMMBASE.dll
0x00007fff61a00000 - 0x00007fff61a4a000 	C:\WINDOWS\System32\cfgmgr32.dll
0x00007fff5a2b0000 - 0x00007fff5a2bf000 	D:\Android\jre\jre\bin\verify.dll
0x00007fff442e0000 - 0x00007fff44309000 	D:\Android\jre\jre\bin\java.dll
0x00007fff4c800000 - 0x00007fff4c816000 	D:\Android\jre\jre\bin\zip.dll
0x00007fff63380000 - 0x00007fff64874000 	C:\WINDOWS\System32\SHELL32.dll
0x00007fff62b10000 - 0x00007fff62bb8000 	C:\WINDOWS\System32\shcore.dll
0x00007fff61b90000 - 0x00007fff622dd000 	C:\WINDOWS\System32\windows.storage.dll
0x00007fff61730000 - 0x00007fff61754000 	C:\WINDOWS\System32\profapi.dll
0x00007fff616b0000 - 0x00007fff6170d000 	C:\WINDOWS\System32\powrprof.dll
0x00007fff64c00000 - 0x00007fff64c52000 	C:\WINDOWS\System32\shlwapi.dll
0x00007fff61690000 - 0x00007fff616a1000 	C:\WINDOWS\System32\kernel.appcore.dll
0x00007fff61b50000 - 0x00007fff61b67000 	C:\WINDOWS\System32\cryptsp.dll
0x00007fff56610000 - 0x00007fff5662a000 	D:\Android\jre\jre\bin\net.dll
0x00007fff60ea0000 - 0x00007fff60f07000 	C:\WINDOWS\system32\mswsock.dll
0x00007fff4c720000 - 0x00007fff4c731000 	D:\Android\jre\jre\bin\nio.dll
0x00007fff58bd0000 - 0x00007fff58bee000 	C:\Users\Kamurapi\.gradle\native\25\windows-amd64\native-platform.dll
0x00007fff58dd0000 - 0x00007fff58ddd000 	D:\Android\jre\jre\bin\management.dll
0x00007fff60a20000 - 0x00007fff60a53000 	C:\WINDOWS\system32\rsaenh.dll
0x00007fff62360000 - 0x00007fff62386000 	C:\WINDOWS\System32\bcrypt.dll
0x00007fff615c0000 - 0x00007fff615e8000 	C:\WINDOWS\SYSTEM32\USERENV.dll
0x00007fff61070000 - 0x00007fff6107c000 	C:\WINDOWS\SYSTEM32\CRYPTBASE.dll
0x00007fff60bc0000 - 0x00007fff60bfd000 	C:\WINDOWS\SYSTEM32\IPHLPAPI.DLL
0x00007fff63370000 - 0x00007fff63378000 	C:\WINDOWS\System32\NSI.dll
0x00007fff59990000 - 0x00007fff599a6000 	C:\WINDOWS\SYSTEM32\dhcpcsvc6.DLL
0x00007fff599b0000 - 0x00007fff599cc000 	C:\WINDOWS\SYSTEM32\dhcpcsvc.DLL
0x00007fff60c00000 - 0x00007fff60cc6000 	C:\WINDOWS\SYSTEM32\DNSAPI.dll

VM Arguments:
jvm_args: -Xmx1536m -Dfile.encoding=windows-1252 -Duser.country=US -Duser.language=en -Duser.variant -Xmx2G -Xms2G 
java_command: org.gradle.launcher.daemon.bootstrap.GradleDaemon 4.10.1
java_class_path (initial): C:\Users\Kamurapi\.gradle\wrapper\dists\gradle-4.10.1-all\455itskqi2qtf0v2sja68alqd\gradle-4.10.1\lib\gradle-launcher-4.10.1.jar
Launcher Type: SUN_STANDARD

Environment Variables:
JAVA_HOME=C:\Program Files\Java\jdk1.8.0_201
JRE_HOME=C:\Program Files\Java\jre1.8.0_201
_JAVA_OPTIONS=-Xmx2G -Xms2G
PATH=C:\ProgramData\Anaconda3;C:\ProgramData\Anaconda3\Library\mingw-w64\bin;C:\ProgramData\Anaconda3\Library\usr\bin;C:\ProgramData\Anaconda3\Library\bin;C:\ProgramData\Anaconda3\Scripts;C:\Program Files (x86)\Common Files\Oracle\Java\javapath;C:\oraclexe\app\oracle\product\10.2.0\server\bin;C:\ProgramData\Oracle\Java\javapath;C:\Windows\system32;C:\Windows;C:\Windows\System32\Wbem;C:\Windows\System32\WindowsPowerShell\v1.0\;C:\Program Files (x86)\NVIDIA Corporation\PhysX\Common;C:\Program Files\Intel\WiFi\bin\;C:\Program Files\Common Files\Intel\WirelessCommon\;C:\Program Files (x86)\GtkSharp\2.12\bin;C:\Program Files\dotnet\;C:\WINDOWS\system32;C:\WINDOWS;C:\WINDOWS\System32\Wbem;C:\WINDOWS\System32\WindowsPowerShell\v1.0\;C:\Program Files\PuTTY\;C:\Program Files\MiKTeX 2.9\miktex\bin\x64\;C:\WINDOWS\System32\OpenSSH\;C:\Program Files\NVIDIA Corporation\NVIDIA NvDLISR;C:\Program Files\nodejs\;C:\xampp\php;D:\Vagrant\bin;D:\big_data\spark\spark-2.3.3-bin-hadoop2.7\bin;C:\Program Files\Java\jdk1.8.0_201\bin;C:\Users\Kamurapi\AppData\Local\Programs\Python\Python36;C:\WINDOWS\system32;C:\WINDOWS;C:\WINDOWS\System32\Wbem;C:\WINDOWS\System32\WindowsPowerShell\v1.0\;C:\WINDOWS\System32\OpenSSH\;C:\FPC\3.0.2\bin\i386-Win32;C:\composer;C:\Tools\zookeeper-3.4.9\bin;C:\Program Files\Git\cmd;C:\Program Files\MySQL\MySQL Shell 8.0\bin\;C:\Users\Kamurapi\AppData\Local\Programs\Microsoft VS Code\bin;C:\Users\Kamurapi\AppData\Local\GitHubDesktop\bin;E:\Progam Files\Docker Toolbox
USERNAME=Kamurapi
OS=Windows_NT
PROCESSOR_IDENTIFIER=Intel64 Family 6 Model 94 Stepping 3, GenuineIntel



---------------  S Y S T E M  ---------------

OS: Windows 10.0 , 64 bit Build 17763 (10.0.17763.475)

CPU:total 8 (initial active 8) (4 cores per cpu, 2 threads per core) family 6 model 94 stepping 3, cmov, cx8, fxsr, mmx, sse, sse2, sse3, ssse3, sse4.1, sse4.2, popcnt, avx, avx2, aes, clmul, erms, rtm, 3dnowpref, lzcnt, ht, tsc, tscinvbit, bmi1, bmi2, adx

Memory: 4k page, physical 8278804k(2104828k free), swap 33444628k(5808k free)

vm_info: OpenJDK 64-Bit Server VM (25.152-b01) for windows-amd64 JRE (1.8.0_152-release-1248-b01), built by "builder" with MS VC++ 10.0 (VS2010)

time: Thu Oct 10 15:08:15 2019
elapsed time: 10 seconds (0d 0h 0m 10s)

