#
# There is insufficient memory for the Java Runtime Environment to continue.
# Native memory allocation (malloc) failed to allocate 1077120 bytes for Chunk::new
# Possible reasons:
#   The system is out of physical RAM or swap space
#   The process is running with CompressedOops enabled, and the Java Heap may be blocking the growth of the native heap
# Possible solutions:
#   Reduce memory load on the system
#   Increase physical memory or swap space
#   Check if swap backing store is full
#   Decrease Java heap size (-Xmx/-Xms)
#   Decrease number of Java threads
#   Decrease Java thread stack sizes (-Xss)
#   Set larger code cache with -XX:ReservedCodeCacheSize=
#   JVM is running with Unscaled Compressed Oops mode in which the Java heap is
#     placed in the first 4GB address space. The Java Heap base address is the
#     maximum limit for the native heap growth. Please use -XX:HeapBaseMinAddress
#     to set the Java Heap base and to place the Java Heap above 4GB virtual address.
# This output file may be truncated or incomplete.
#
#  Out of Memory Error (allocation.cpp:389), pid=7296, tid=0x0000000000002380
#
# JRE version: OpenJDK Runtime Environment (8.0_202-b03) (build 1.8.0_202-release-1483-b03)
# Java VM: OpenJDK 64-Bit Server VM (25.202-b03 mixed mode windows-amd64 compressed oops)
# Failed to write core dump. Minidumps are not enabled by default on client versions of Windows
#

---------------  T H R E A D  ---------------

Current thread (0x0000000017be9800):  JavaThread "C2 CompilerThread0" daemon [_thread_in_native, id=9088, stack(0x00000000184c0000,0x00000000185c0000)]

Stack: [0x00000000184c0000,0x00000000185c0000]
[error occurred during error reporting (printing stack bounds), id 0xc0000005]

Native frames: (J=compiled Java code, j=interpreted, Vv=VM code, C=native code)


Current CompileTask:
C2:   3481 2133       4       org.codehaus.groovy.runtime.metaclass.MetaMethodIndex::addMethodToList (298 bytes)


---------------  P R O C E S S  ---------------

Java Threads: ( => current thread )
  0x000000001ce42000 JavaThread "Cache worker for journal cache (C:\Users\Kamurapi\.gradle\caches\journal-1)" [_thread_blocked, id=20596, stack(0x000000001d8b0000,0x000000001d9b0000)]
  0x000000001baa9000 JavaThread "Cache worker for file hash cache (D:\KULIAH\SMT-7_PPB\Learning to build Apps\Pertemuan 2\NotepadApp\.gradle\4.10.1\fileHashes)" [_thread_blocked, id=18992, stack(0x000000001c7e0000,0x000000001c8e0000)]
  0x000000001b753800 JavaThread "File lock request listener" [_thread_in_native, id=7828, stack(0x000000001c6e0000,0x000000001c7e0000)]
  0x000000001ba8f800 JavaThread "Cache worker for file hash cache (C:\Users\Kamurapi\.gradle\caches\4.10.1\fileHashes)" [_thread_blocked, id=19120, stack(0x000000001c5e0000,0x000000001c6e0000)]
  0x0000000019f9a000 JavaThread "Stdin handler" [_thread_blocked, id=11048, stack(0x000000001b010000,0x000000001b110000)]
  0x0000000019f80000 JavaThread "Asynchronous log dispatcher for DefaultDaemonConnection: socket connection from /127.0.0.1:56307 to /127.0.0.1:56308" [_thread_blocked, id=14468, stack(0x000000001af10000,0x000000001b010000)]
  0x0000000019f7b000 JavaThread "Daemon worker" [_thread_in_vm, id=19116, stack(0x000000001ae10000,0x000000001af10000)]
  0x0000000019f78000 JavaThread "Cancel handler" [_thread_blocked, id=18920, stack(0x000000001ad10000,0x000000001ae10000)]
  0x0000000019ca2800 JavaThread "Handler for socket connection from /127.0.0.1:56307 to /127.0.0.1:56308" [_thread_in_native, id=20204, stack(0x000000001ac10000,0x000000001ad10000)]
  0x0000000019ca1800 JavaThread "Daemon" [_thread_blocked, id=17208, stack(0x000000001ab10000,0x000000001ac10000)]
  0x0000000019e58800 JavaThread "Daemon periodic checks" [_thread_blocked, id=12800, stack(0x000000001aa10000,0x000000001ab10000)]
  0x0000000019ca4800 JavaThread "Incoming local TCP Connector on port 56307" [_thread_in_native, id=20108, stack(0x000000001a7d0000,0x000000001a8d0000)]
  0x0000000017c3b000 JavaThread "Service Thread" daemon [_thread_blocked, id=18336, stack(0x00000000188c0000,0x00000000189c0000)]
  0x0000000017bf6000 JavaThread "C1 CompilerThread3" daemon [_thread_in_native, id=16208, stack(0x00000000187c0000,0x00000000188c0000)]
  0x0000000017bef800 JavaThread "C2 CompilerThread2" daemon [_thread_blocked, id=1552, stack(0x00000000186c0000,0x00000000187c0000)]
  0x0000000017bec000 JavaThread "C2 CompilerThread1" daemon [_thread_blocked, id=19696, stack(0x00000000185c0000,0x00000000186c0000)]
=>0x0000000017be9800 JavaThread "C2 CompilerThread0" daemon [_thread_in_native, id=9088, stack(0x00000000184c0000,0x00000000185c0000)]
  0x0000000017be8000 JavaThread "Attach Listener" daemon [_thread_blocked, id=17040, stack(0x00000000183c0000,0x00000000184c0000)]
  0x0000000017be7000 JavaThread "Signal Dispatcher" daemon [_thread_blocked, id=8932, stack(0x00000000182c0000,0x00000000183c0000)]
  0x0000000017be0800 JavaThread "Finalizer" daemon [_thread_blocked, id=18200, stack(0x00000000180c0000,0x00000000181c0000)]
  0x00000000032a7000 JavaThread "Reference Handler" daemon [_thread_blocked, id=17444, stack(0x0000000017fc0000,0x00000000180c0000)]
  0x00000000031b3800 JavaThread "main" [_thread_blocked, id=18784, stack(0x00000000030b0000,0x00000000031b0000)]

Other Threads:
  0x0000000015dc8000 VMThread [stack: 0x0000000017ac0000,0x0000000017bc0000] [id=21184]
  0x0000000017c3b800 WatcherThread [stack: 0x00000000189c0000,0x0000000018ac0000] [id=11480]

VM state:not at safepoint (normal execution)

VM Mutex/Monitor currently owned by a thread: None

heap address: 0x00000000c0000000, size: 1024 MB, Compressed Oops mode: 32-bit
Narrow klass base: 0x0000000000000000, Narrow klass shift: 3
Compressed class space size: 1073741824 Address: 0x0000000100000000

Heap:
 PSYoungGen      total 305664K, used 78097K [0x00000000eab00000, 0x0000000100000000, 0x0000000100000000)
  eden space 262144K, 29% used [0x00000000eab00000,0x00000000ef7447a0,0x00000000fab00000)
  from space 43520K, 0% used [0x00000000fab00000,0x00000000fab00000,0x00000000fd580000)
  to   space 43520K, 0% used [0x00000000fd580000,0x00000000fd580000,0x0000000100000000)
 ParOldGen       total 699392K, used 18119K [0x00000000c0000000, 0x00000000eab00000, 0x00000000eab00000)
  object space 699392K, 2% used [0x00000000c0000000,0x00000000c11b1e18,0x00000000eab00000)
 Metaspace       used 27012K, capacity 27404K, committed 27776K, reserved 1073152K
  class space    used 3699K, capacity 3849K, committed 3968K, reserved 1048576K

Card table byte_map: [0x0000000012670000,0x0000000012880000] byte_map_base: 0x0000000012070000

Marking Bits: (ParMarkBitMap*) 0x0000000071069f30
 Begin Bits: [0x00000000131e0000, 0x00000000141e0000)
 End Bits:   [0x00000000141e0000, 0x00000000151e0000)

Polling page: 0x0000000001390000

CodeCache: size=245760Kb used=8432Kb max_used=8446Kb free=237327Kb
 bounds [0x00000000032b0000, 0x0000000003b00000, 0x00000000122b0000]
 total_blobs=2877 nmethods=2220 adapters=570
 compilation: enabled

Compilation events (10 events):
Event: 3.454 Thread 0x0000000017bec000 nmethod 2215 0x0000000003ae8e90 code [0x0000000003ae8fe0, 0x0000000003ae9108]
Event: 3.454 Thread 0x0000000017bf6000 nmethod 2219 0x0000000003ae86d0 code [0x0000000003ae8860, 0x0000000003ae8d08]
Event: 3.454 Thread 0x0000000017bf6000 2220       3       org.objectweb.asm.Frame::merge (621 bytes)
Event: 3.456 Thread 0x0000000017bf6000 nmethod 2220 0x0000000003aece50 code [0x0000000003aed0e0, 0x0000000003aee338]
Event: 3.456 Thread 0x0000000017bf6000 2218       3       java.util.Arrays$ArrayList::contains (15 bytes)
Event: 3.456 Thread 0x0000000017bf6000 nmethod 2218 0x0000000003aeca50 code [0x0000000003aecbc0, 0x0000000003aecda8]
Event: 3.460 Thread 0x0000000017bf6000 2221       1       org.gradle.internal.reflect.ReflectionCache$CacheEntry::access$100 (5 bytes)
Event: 3.460 Thread 0x0000000017bf6000 nmethod 2221 0x0000000003ae83d0 code [0x0000000003ae8520, 0x0000000003ae8610]
Event: 3.471 Thread 0x0000000017bef800 nmethod 2213 0x0000000003af2a10 code [0x0000000003af2bc0, 0x0000000003af39d8]
Event: 3.480 Thread 0x0000000017bf6000 2222       3       java.util.Arrays$LegacyMergeSort::access$000 (4 bytes)

GC Heap History (4 events):
Event: 2.595 GC heap before
{Heap before GC invocations=1 (full 0):
 PSYoungGen      total 305664K, used 225464K [0x00000000eab00000, 0x0000000100000000, 0x0000000100000000)
  eden space 262144K, 86% used [0x00000000eab00000,0x00000000f872e098,0x00000000fab00000)
  from space 43520K, 0% used [0x00000000fd580000,0x00000000fd580000,0x0000000100000000)
  to   space 43520K, 0% used [0x00000000fab00000,0x00000000fab00000,0x00000000fd580000)
 ParOldGen       total 699392K, used 0K [0x00000000c0000000, 0x00000000eab00000, 0x00000000eab00000)
  object space 699392K, 0% used [0x00000000c0000000,0x00000000c0000000,0x00000000eab00000)
 Metaspace       used 20867K, capacity 21176K, committed 21248K, reserved 1067008K
  class space    used 2916K, capacity 3060K, committed 3072K, reserved 1048576K
Event: 2.618 GC heap after
Heap after GC invocations=1 (full 0):
 PSYoungGen      total 305664K, used 18924K [0x00000000eab00000, 0x0000000100000000, 0x0000000100000000)
  eden space 262144K, 0% used [0x00000000eab00000,0x00000000eab00000,0x00000000fab00000)
  from space 43520K, 43% used [0x00000000fab00000,0x00000000fbd7b278,0x00000000fd580000)
  to   space 43520K, 0% used [0x00000000fd580000,0x00000000fd580000,0x0000000100000000)
 ParOldGen       total 699392K, used 16K [0x00000000c0000000, 0x00000000eab00000, 0x00000000eab00000)
  object space 699392K, 0% used [0x00000000c0000000,0x00000000c0004000,0x00000000eab00000)
 Metaspace       used 20867K, capacity 21176K, committed 21248K, reserved 1067008K
  class space    used 2916K, capacity 3060K, committed 3072K, reserved 1048576K
}
Event: 2.619 GC heap before
{Heap before GC invocations=2 (full 1):
 PSYoungGen      total 305664K, used 18924K [0x00000000eab00000, 0x0000000100000000, 0x0000000100000000)
  eden space 262144K, 0% used [0x00000000eab00000,0x00000000eab00000,0x00000000fab00000)
  from space 43520K, 43% used [0x00000000fab00000,0x00000000fbd7b278,0x00000000fd580000)
  to   space 43520K, 0% used [0x00000000fd580000,0x00000000fd580000,0x0000000100000000)
 ParOldGen       total 699392K, used 16K [0x00000000c0000000, 0x00000000eab00000, 0x00000000eab00000)
  object space 699392K, 0% used [0x00000000c0000000,0x00000000c0004000,0x00000000eab00000)
 Metaspace       used 20867K, capacity 21176K, committed 21248K, reserved 1067008K
  class space    used 2916K, capacity 3060K, committed 3072K, reserved 1048576K
Event: 2.662 GC heap after
Heap after GC invocations=2 (full 1):
 PSYoungGen      total 305664K, used 0K [0x00000000eab00000, 0x0000000100000000, 0x0000000100000000)
  eden space 262144K, 0% used [0x00000000eab00000,0x00000000eab00000,0x00000000fab00000)
  from space 43520K, 0% used [0x00000000fab00000,0x00000000fab00000,0x00000000fd580000)
  to   space 43520K, 0% used [0x00000000fd580000,0x00000000fd580000,0x0000000100000000)
 ParOldGen       total 699392K, used 18119K [0x00000000c0000000, 0x00000000eab00000, 0x00000000eab00000)
  object space 699392K, 2% used [0x00000000c0000000,0x00000000c11b1e18,0x00000000eab00000)
 Metaspace       used 20867K, capacity 21176K, committed 21248K, reserved 1067008K
  class space    used 2916K, capacity 3060K, committed 3072K, reserved 1048576K
}

Deoptimization events (10 events):
Event: 2.866 Thread 0x0000000019f7b000 Uncommon trap: reason=class_check action=maybe_recompile pc=0x0000000003822c20 method=sun.misc.URLClassPath.getLoader(I)Lsun/misc/URLClassPath$Loader; @ 239
Event: 2.872 Thread 0x0000000019f7b000 Uncommon trap: reason=class_check action=maybe_recompile pc=0x0000000003822c20 method=sun.misc.URLClassPath.getLoader(I)Lsun/misc/URLClassPath$Loader; @ 239
Event: 3.012 Thread 0x0000000019f7b000 Uncommon trap: reason=unstable_if action=reinterpret pc=0x00000000036ffa20 method=java.util.HashMap.hash(Ljava/lang/Object;)I @ 1
Event: 3.063 Thread 0x0000000019f7b000 Uncommon trap: reason=unstable_if action=reinterpret pc=0x00000000035187f8 method=java.util.HashMap.getNode(ILjava/lang/Object;)Ljava/util/HashMap$Node; @ 53
Event: 3.063 Thread 0x0000000019f7b000 Uncommon trap: reason=unstable_if action=reinterpret pc=0x00000000035319b0 method=java.util.HashMap.hash(Ljava/lang/Object;)I @ 1
Event: 3.063 Thread 0x0000000019f7b000 Uncommon trap: reason=unstable_if action=reinterpret pc=0x00000000036d5694 method=java.util.HashMap.putVal(ILjava/lang/Object;Ljava/lang/Object;ZZ)Ljava/lang/Object; @ 85
Event: 3.073 Thread 0x0000000019f7b000 Uncommon trap: reason=unstable_if action=reinterpret pc=0x000000000355bdb0 method=java.util.LinkedHashMap.afterNodeInsertion(Z)V @ 1
Event: 3.232 Thread 0x0000000019f7b000 Uncommon trap: reason=class_check action=maybe_recompile pc=0x0000000003822a04 method=sun.misc.URLClassPath.getLoader(I)Lsun/misc/URLClassPath$Loader; @ 94
Event: 3.252 Thread 0x0000000019f7b000 Uncommon trap: reason=class_check action=maybe_recompile pc=0x00000000037e7608 method=sun.misc.URLClassPath.getLoader(I)Lsun/misc/URLClassPath$Loader; @ 239
Event: 3.376 Thread 0x0000000019f7b000 Uncommon trap: reason=unstable_if action=reinterpret pc=0x000000000353b10c method=java.io.WinNTFileSystem.resolve(Ljava/lang/String;Ljava/lang/String;)Ljava/lang/String; @ 49

Classes redefined (0 events):
No events

Internal exceptions (10 events):
Event: 3.414 Thread 0x0000000019f7b000 Exception <a 'java/lang/ClassNotFoundException': org/gradle/api/internal/DefaultNamedDomainObjectCollectionBeanInfo> (0x00000000eefa54c8) thrown at [D:\src\AOSP-openjdk-cygwin\jdk8u\hotspot\src\share\vm\classfile\systemDictionary.cpp, line 210]
Event: 3.415 Thread 0x0000000019f7b000 Exception <a 'java/lang/ClassNotFoundException': org/gradle/api/internal/DefaultDomainObjectCollectionBeanInfo> (0x00000000eefd3f10) thrown at [D:\src\AOSP-openjdk-cygwin\jdk8u\hotspot\src\share\vm\classfile\systemDictionary.cpp, line 210]
Event: 3.415 Thread 0x0000000019f7b000 Exception <a 'java/lang/ClassNotFoundException': java/util/AbstractCollectionBeanInfo> (0x00000000eefd7f58) thrown at [D:\src\AOSP-openjdk-cygwin\jdk8u\hotspot\src\share\vm\classfile\systemDictionary.cpp, line 210]
Event: 3.415 Thread 0x0000000019f7b000 Exception <a 'java/lang/ClassNotFoundException': java/util/AbstractCollectionCustomizer> (0x00000000eefdbf70) thrown at [D:\src\AOSP-openjdk-cygwin\jdk8u\hotspot\src\share\vm\classfile\systemDictionary.cpp, line 210]
Event: 3.417 Thread 0x0000000019f7b000 Exception <a 'java/lang/ClassNotFoundException': org/gradle/api/internal/DefaultDomainObjectCollectionCustomizer> (0x00000000ef017c08) thrown at [D:\src\AOSP-openjdk-cygwin\jdk8u\hotspot\src\share\vm\classfile\systemDictionary.cpp, line 210]
Event: 3.420 Thread 0x0000000019f7b000 Exception <a 'java/lang/ClassNotFoundException': org/gradle/api/internal/DefaultNamedDomainObjectCollectionCustomizer> (0x00000000ef072e30) thrown at [D:\src\AOSP-openjdk-cygwin\jdk8u\hotspot\src\share\vm\classfile\systemDictionary.cpp, line 210]
Event: 3.424 Thread 0x0000000019f7b000 Exception <a 'java/lang/ClassNotFoundException': org/gradle/api/internal/DefaultNamedDomainObjectListCustomizer> (0x00000000ef0e9280) thrown at [D:\src\AOSP-openjdk-cygwin\jdk8u\hotspot\src\share\vm\classfile\systemDictionary.cpp, line 210]
Event: 3.427 Thread 0x0000000019f7b000 Exception <a 'java/lang/ClassNotFoundException': org/gradle/api/internal/artifacts/DefaultArtifactRepositoryContainerCustomizer> (0x00000000ef15d070) thrown at [D:\src\AOSP-openjdk-cygwin\jdk8u\hotspot\src\share\vm\classfile\systemDictionary.cpp, line 210
Event: 3.429 Thread 0x0000000019f7b000 Exception <a 'java/lang/ClassNotFoundException': org/gradle/api/internal/artifacts/dsl/DefaultRepositoryHandlerCustomizer> (0x00000000ef1c31c8) thrown at [D:\src\AOSP-openjdk-cygwin\jdk8u\hotspot\src\share\vm\classfile\systemDictionary.cpp, line 210]
Event: 3.431 Thread 0x0000000019f7b000 Exception <a 'java/lang/ClassNotFoundException': org/gradle/api/internal/artifacts/dsl/DefaultRepositoryHandler_DecoratedCustomizer> (0x00000000ef232640) thrown at [D:\src\AOSP-openjdk-cygwin\jdk8u\hotspot\src\share\vm\classfile\systemDictionary.cpp, line

Events (10 events):
Event: 3.457 loading class org/gradle/api/internal/artifacts/repositories/DefaultMavenArtifactRepository$1
Event: 3.457 loading class org/gradle/api/internal/artifacts/repositories/DefaultMavenArtifactRepository$1 done
Event: 3.458 loading class org/gradle/api/internal/artifacts/repositories/AuthenticationSupporter
Event: 3.458 loading class org/gradle/api/internal/artifacts/repositories/AuthenticationSupporter done
Event: 3.458 loading class org/gradle/api/internal/artifacts/repositories/DefaultMavenArtifactRepository$MavenMetadataSources
Event: 3.458 loading class org/gradle/api/internal/artifacts/repositories/DefaultMavenArtifactRepository$MavenMetadataSources done
Event: 3.459 loading class org/gradle/api/artifacts/repositories/MavenArtifactRepository$MetadataSources
Event: 3.459 loading class org/gradle/api/artifacts/repositories/MavenArtifactRepository$MetadataSources done
Event: 3.479 loading class groovy/runtime/metaclass/build_8vu8igui4s7qioo38p8y744iw$_run_closure1$_closure3MetaClass
Event: 3.479 loading class groovy/runtime/metaclass/build_8vu8igui4s7qioo38p8y744iw$_run_closure1$_closure3MetaClass done


Dynamic libraries:
0x00007ff784e80000 - 0x00007ff784eb1000 	D:\android\jre\bin\java.exe
0x00007ffa16970000 - 0x00007ffa16b5d000 	C:\WINDOWS\SYSTEM32\ntdll.dll
0x00007ffa16430000 - 0x00007ffa164e3000 	C:\WINDOWS\System32\KERNEL32.DLL
0x00007ffa12d90000 - 0x00007ffa13023000 	C:\WINDOWS\System32\KERNELBASE.dll
0x00007ffa16380000 - 0x00007ffa16423000 	C:\WINDOWS\System32\ADVAPI32.dll
0x00007ffa13ba0000 - 0x00007ffa13c3e000 	C:\WINDOWS\System32\msvcrt.dll
0x00007ffa16100000 - 0x00007ffa1619e000 	C:\WINDOWS\System32\sechost.dll
0x00007ffa164f0000 - 0x00007ffa16612000 	C:\WINDOWS\System32\RPCRT4.dll
0x00007ffa166f0000 - 0x00007ffa16887000 	C:\WINDOWS\System32\USER32.dll
0x00007ffa12d70000 - 0x00007ffa12d90000 	C:\WINDOWS\System32\win32u.dll
0x00007ffa16620000 - 0x00007ffa16649000 	C:\WINDOWS\System32\GDI32.dll
0x00007ffa12bd0000 - 0x00007ffa12d69000 	C:\WINDOWS\System32\gdi32full.dll
0x00007ffa13860000 - 0x00007ffa13900000 	C:\WINDOWS\System32\msvcp_win.dll
0x00007ffa12a50000 - 0x00007ffa12b4a000 	C:\WINDOWS\System32\ucrtbase.dll
0x00007ffa03140000 - 0x00007ffa033b9000 	C:\WINDOWS\WinSxS\amd64_microsoft.windows.common-controls_6595b64144ccf1df_6.0.17763.737_none_05b6437c071e554b\COMCTL32.dll
0x00007ffa15cc0000 - 0x00007ffa15fec000 	C:\WINDOWS\System32\combase.dll
0x00007ffa12b50000 - 0x00007ffa12bce000 	C:\WINDOWS\System32\bcryptPrimitives.dll
0x00007ffa13c40000 - 0x00007ffa13c6e000 	C:\WINDOWS\System32\IMM32.DLL
0x00000000707c0000 - 0x0000000070892000 	D:\android\jre\jre\bin\msvcr100.dll
0x00000000708a0000 - 0x00000000710e6000 	D:\android\jre\jre\bin\server\jvm.dll
0x00007ffa13b90000 - 0x00007ffa13b98000 	C:\WINDOWS\System32\PSAPI.DLL
0x00007ffa11510000 - 0x00007ffa11519000 	C:\WINDOWS\SYSTEM32\WSOCK32.dll
0x00007ffa10920000 - 0x00007ffa10944000 	C:\WINDOWS\SYSTEM32\WINMM.dll
0x00007ffa09d90000 - 0x00007ffa09d9a000 	C:\WINDOWS\SYSTEM32\VERSION.dll
0x00007ffa16310000 - 0x00007ffa1637d000 	C:\WINDOWS\System32\WS2_32.dll
0x00007ffa107f0000 - 0x00007ffa1081d000 	C:\WINDOWS\SYSTEM32\WINMMBASE.dll
0x00007ffa13900000 - 0x00007ffa1394a000 	C:\WINDOWS\System32\cfgmgr32.dll
0x00007ffa0e7b0000 - 0x00007ffa0e7bf000 	D:\android\jre\jre\bin\verify.dll
0x00007ffa00fe0000 - 0x00007ffa01009000 	D:\android\jre\jre\bin\java.dll
0x00007ffa0dbf0000 - 0x00007ffa0dc06000 	D:\android\jre\jre\bin\zip.dll
0x00007ffa14760000 - 0x00007ffa15c52000 	C:\WINDOWS\System32\SHELL32.dll
0x00007ffa16050000 - 0x00007ffa160f8000 	C:\WINDOWS\System32\shcore.dll
0x00007ffa130e0000 - 0x00007ffa1382a000 	C:\WINDOWS\System32\windows.storage.dll
0x00007ffa129a0000 - 0x00007ffa129c4000 	C:\WINDOWS\System32\profapi.dll
0x00007ffa129d0000 - 0x00007ffa12a2d000 	C:\WINDOWS\System32\powrprof.dll
0x00007ffa15ff0000 - 0x00007ffa16042000 	C:\WINDOWS\System32\shlwapi.dll
0x00007ffa12960000 - 0x00007ffa12971000 	C:\WINDOWS\System32\kernel.appcore.dll
0x00007ffa12a30000 - 0x00007ffa12a47000 	C:\WINDOWS\System32\cryptsp.dll
0x00007ffa0d4c0000 - 0x00007ffa0d4da000 	D:\android\jre\jre\bin\net.dll
0x00007ffa12170000 - 0x00007ffa121d7000 	C:\WINDOWS\system32\mswsock.dll
0x00007ffa0be10000 - 0x00007ffa0be21000 	D:\android\jre\jre\bin\nio.dll
0x00007ffa00e60000 - 0x00007ffa00e7e000 	C:\Users\Kamurapi\.gradle\native\25\windows-amd64\native-platform.dll
0x00007ffa0e780000 - 0x00007ffa0e78d000 	D:\android\jre\jre\bin\management.dll
0x00007ffa11cf0000 - 0x00007ffa11d23000 	C:\WINDOWS\system32\rsaenh.dll
0x00007ffa13830000 - 0x00007ffa13856000 	C:\WINDOWS\System32\bcrypt.dll
0x00007ffa12890000 - 0x00007ffa128b8000 	C:\WINDOWS\SYSTEM32\USERENV.dll
0x00007ffa123a0000 - 0x00007ffa123ac000 	C:\WINDOWS\SYSTEM32\CRYPTBASE.dll
0x00007ffa11e90000 - 0x00007ffa11ecd000 	C:\WINDOWS\SYSTEM32\IPHLPAPI.DLL
0x00007ffa16300000 - 0x00007ffa16308000 	C:\WINDOWS\System32\NSI.dll
0x00007ffa0a1e0000 - 0x00007ffa0a1f6000 	C:\WINDOWS\SYSTEM32\dhcpcsvc6.DLL
0x00007ffa0b4e0000 - 0x00007ffa0b4fc000 	C:\WINDOWS\SYSTEM32\dhcpcsvc.DLL
0x00007ffa11ed0000 - 0x00007ffa11f96000 	C:\WINDOWS\SYSTEM32\DNSAPI.dll

VM Arguments:
jvm_args: -Xmx1536m -Dfile.encoding=windows-1252 -Duser.country=US -Duser.language=en -Duser.variant -Xmx1024M -Xms1024M 
java_command: org.gradle.launcher.daemon.bootstrap.GradleDaemon 4.10.1
java_class_path (initial): C:\Users\Kamurapi\.gradle\wrapper\dists\gradle-4.10.1-all\455itskqi2qtf0v2sja68alqd\gradle-4.10.1\lib\gradle-launcher-4.10.1.jar
Launcher Type: SUN_STANDARD

Environment Variables:
JAVA_HOME=C:\Program Files\Java\jdk1.8.0_201
JRE_HOME=C:\Program Files\Java\jre1.8.0_201
_JAVA_OPTIONS=-Xmx1024M -Xms1024M
PATH=C:\ProgramData\Anaconda3;C:\ProgramData\Anaconda3\Library\mingw-w64\bin;C:\ProgramData\Anaconda3\Library\usr\bin;C:\ProgramData\Anaconda3\Library\bin;C:\ProgramData\Anaconda3\Scripts;C:\Program Files (x86)\Common Files\Oracle\Java\javapath;C:\oraclexe\app\oracle\product\10.2.0\server\bin;C:\ProgramData\Oracle\Java\javapath;C:\Windows\system32;C:\Windows;C:\Windows\System32\Wbem;C:\Windows\System32\WindowsPowerShell\v1.0\;C:\Program Files (x86)\NVIDIA Corporation\PhysX\Common;C:\Program Files\Intel\WiFi\bin\;C:\Program Files\Common Files\Intel\WirelessCommon\;C:\Program Files (x86)\GtkSharp\2.12\bin;C:\Program Files\dotnet\;C:\WINDOWS\system32;C:\WINDOWS;C:\WINDOWS\System32\Wbem;C:\WINDOWS\System32\WindowsPowerShell\v1.0\;C:\Program Files\PuTTY\;C:\Program Files\MiKTeX 2.9\miktex\bin\x64\;C:\WINDOWS\System32\OpenSSH\;C:\Program Files\Git\cmd;C:\Program Files\NVIDIA Corporation\NVIDIA NvDLISR;C:\Program Files\nodejs\;C:\xampp\php;D:\Vagrant\bin;D:\big_data\spark\spark-2.3.3-bin-hadoop2.7\bin;C:\Program Files\Java\jdk1.8.0_201\bin;C:\Users\Kamurapi\AppData\Local\Programs\Python\Python36;C:\WINDOWS\system32;C:\WINDOWS;C:\WINDOWS\System32\Wbem;C:\WINDOWS\System32\WindowsPowerShell\v1.0\;C:\WINDOWS\System32\OpenSSH\;C:\FPC\3.0.2\bin\i386-Win32;C:\composer;C:\Tools\zookeeper-3.4.9\bin;C:\Program Files\MySQL\MySQL Shell 8.0\bin\;C:\Users\Kamurapi\AppData\Local\Programs\Microsoft VS Code\bin;C:\Users\Kamurapi\AppData\Local\GitHubDesktop\bin
USERNAME=Kamurapi
OS=Windows_NT
PROCESSOR_IDENTIFIER=Intel64 Family 6 Model 94 Stepping 3, GenuineIntel



---------------  S Y S T E M  ---------------

OS: Windows 10.0 , 64 bit Build 17763 (10.0.17763.475)

CPU:total 8 (initial active 8) (4 cores per cpu, 2 threads per core) family 6 model 94 stepping 3, cmov, cx8, fxsr, mmx, sse, sse2, sse3, ssse3, sse4.1, sse4.2, popcnt, avx, avx2, aes, clmul, erms, rtm, 3dnowpref, lzcnt, ht, tsc, tscinvbit, bmi1, bmi2, adx

Memory: 4k page, physical 8278804k(713532k free), swap 33444628k(5136k free)

vm_info: OpenJDK 64-Bit Server VM (25.202-b03) for windows-amd64 JRE (1.8.0_202-release-1483-b03), built by "builder" with MS VC++ 10.0 (VS2010)

time: Thu Sep 19 18:52:18 2019
timezone: SE Asia Standard Time
elapsed time: 3 seconds (0d 0h 0m 3s)

