#
# There is insufficient memory for the Java Runtime Environment to continue.
# Native memory allocation (malloc) failed to allocate 774576 bytes for Chunk::new
# Possible reasons:
#   The system is out of physical RAM or swap space
#   The process is running with CompressedOops enabled, and the Java Heap may be blocking the growth of the native heap
# Possible solutions:
#   Reduce memory load on the system
#   Increase physical memory or swap space
#   Check if swap backing store is full
#   Decrease Java heap size (-Xmx/-Xms)
#   Decrease number of Java threads
#   Decrease Java thread stack sizes (-Xss)
#   Set larger code cache with -XX:ReservedCodeCacheSize=
#   JVM is running with Unscaled Compressed Oops mode in which the Java heap is
#     placed in the first 4GB address space. The Java Heap base address is the
#     maximum limit for the native heap growth. Please use -XX:HeapBaseMinAddress
#     to set the Java Heap base and to place the Java Heap above 4GB virtual address.
# This output file may be truncated or incomplete.
#
#  Out of Memory Error (allocation.cpp:389), pid=11668, tid=0x00000000000015f8
#
# JRE version: OpenJDK Runtime Environment (8.0_202-b03) (build 1.8.0_202-release-1483-b03)
# Java VM: OpenJDK 64-Bit Server VM (25.202-b03 mixed mode windows-amd64 compressed oops)
# Failed to write core dump. Minidumps are not enabled by default on client versions of Windows
#

---------------  T H R E A D  ---------------

Current thread (0x0000000017cb9800):  JavaThread "C2 CompilerThread0" daemon [_thread_in_native, id=5624, stack(0x0000000018590000,0x0000000018690000)]

Stack: [0x0000000018590000,0x0000000018690000]
[error occurred during error reporting (printing stack bounds), id 0xc0000005]

Native frames: (J=compiled Java code, j=interpreted, Vv=VM code, C=native code)


Current CompileTask:
C2:   3881 2293       4       java.net.URLClassLoader$1::run (5 bytes)


---------------  P R O C E S S  ---------------

Java Threads: ( => current thread )
  0x000000001b7dd800 JavaThread "Cache worker for Artifact transforms cache (C:\Users\Kamurapi\.gradle\caches\transforms-1)" [_thread_blocked, id=14352, stack(0x0000000020a20000,0x0000000020b20000)]
  0x000000001b7df000 JavaThread "Cache worker for cache directory md-rule (C:\Users\Kamurapi\.gradle\caches\4.10.1\md-rule)" [_thread_blocked, id=20444, stack(0x0000000020920000,0x0000000020a20000)]
  0x000000001b7dc800 JavaThread "Cache worker for cache directory md-supplier (C:\Users\Kamurapi\.gradle\caches\4.10.1\md-supplier)" [_thread_blocked, id=16036, stack(0x000000001f160000,0x000000001f260000)]
  0x000000001b7e1000 JavaThread "Cache worker for journal cache (C:\Users\Kamurapi\.gradle\caches\journal-1)" [_thread_blocked, id=14232, stack(0x000000001d980000,0x000000001da80000)]
  0x000000001bbb3000 JavaThread "Cache worker for file hash cache (D:\KULIAH\SMT-7_PPB\Learning to build Apps\Pertemuan 2\NotepadApp\.gradle\4.10.1\fileHashes)" [_thread_blocked, id=16352, stack(0x000000001d880000,0x000000001d980000)]
  0x000000001b9e5800 JavaThread "File lock request listener" [_thread_in_native, id=12144, stack(0x000000001c7b0000,0x000000001c8b0000)]
  0x000000001b657000 JavaThread "Cache worker for file hash cache (C:\Users\Kamurapi\.gradle\caches\4.10.1\fileHashes)" [_thread_blocked, id=9924, stack(0x000000001c6b0000,0x000000001c7b0000)]
  0x0000000019e66800 JavaThread "Stdin handler" [_thread_blocked, id=5232, stack(0x000000001b0e0000,0x000000001b1e0000)]
  0x0000000019e65800 JavaThread "Asynchronous log dispatcher for DefaultDaemonConnection: socket connection from /127.0.0.1:56313 to /127.0.0.1:56314" [_thread_blocked, id=12312, stack(0x000000001afe0000,0x000000001b0e0000)]
  0x0000000019e5f800 JavaThread "Daemon worker" [_thread_in_vm, id=1072, stack(0x000000001aee0000,0x000000001afe0000)]
  0x000000001a0bb000 JavaThread "Cancel handler" [_thread_blocked, id=16372, stack(0x000000001ade0000,0x000000001aee0000)]
  0x000000001a0b1800 JavaThread "Handler for socket connection from /127.0.0.1:56313 to /127.0.0.1:56314" [_thread_in_native, id=8044, stack(0x000000001ace0000,0x000000001ade0000)]
  0x000000001a0af000 JavaThread "Daemon" [_thread_blocked, id=16512, stack(0x000000001abe0000,0x000000001ace0000)]
  0x000000001a02e000 JavaThread "Daemon periodic checks" [_thread_blocked, id=14388, stack(0x000000001aae0000,0x000000001abe0000)]
  0x000000001a0bf800 JavaThread "Incoming local TCP Connector on port 56313" [_thread_in_native, id=11576, stack(0x000000001a8a0000,0x000000001a9a0000)]
  0x0000000017d6b800 JavaThread "Service Thread" daemon [_thread_blocked, id=18224, stack(0x0000000018990000,0x0000000018a90000)]
  0x0000000017cca000 JavaThread "C1 CompilerThread3" daemon [_thread_blocked, id=18372, stack(0x0000000018890000,0x0000000018990000)]
  0x0000000017cc3000 JavaThread "C2 CompilerThread2" daemon [_thread_in_native, id=17552, stack(0x0000000018790000,0x0000000018890000)]
  0x0000000017cbe000 JavaThread "C2 CompilerThread1" daemon [_thread_in_native, id=17056, stack(0x0000000018690000,0x0000000018790000)]
=>0x0000000017cb9800 JavaThread "C2 CompilerThread0" daemon [_thread_in_native, id=5624, stack(0x0000000018590000,0x0000000018690000)]
  0x0000000017cb8000 JavaThread "Attach Listener" daemon [_thread_blocked, id=15176, stack(0x0000000018490000,0x0000000018590000)]
  0x0000000017cb7000 JavaThread "Signal Dispatcher" daemon [_thread_blocked, id=16028, stack(0x0000000018390000,0x0000000018490000)]
  0x0000000017cb0800 JavaThread "Finalizer" daemon [_thread_blocked, id=13604, stack(0x0000000018190000,0x0000000018290000)]
  0x00000000032e7000 JavaThread "Reference Handler" daemon [_thread_blocked, id=12236, stack(0x0000000018090000,0x0000000018190000)]
  0x00000000031f3800 JavaThread "main" [_thread_blocked, id=19136, stack(0x00000000030b0000,0x00000000031b0000)]

Other Threads:
  0x0000000015ec8000 VMThread [stack: 0x0000000017b90000,0x0000000017c90000] [id=20032]
  0x0000000017d6c000 WatcherThread [stack: 0x0000000018a90000,0x0000000018b90000] [id=21080]

VM state:not at safepoint (normal execution)

VM Mutex/Monitor currently owned by a thread: None

heap address: 0x00000000c0000000, size: 1024 MB, Compressed Oops mode: 32-bit
Narrow klass base: 0x0000000000000000, Narrow klass shift: 3
Compressed class space size: 1073741824 Address: 0x0000000100000000

Heap:
 PSYoungGen      total 305664K, used 130347K [0x00000000eab00000, 0x0000000100000000, 0x0000000100000000)
  eden space 262144K, 49% used [0x00000000eab00000,0x00000000f2a4ad00,0x00000000fab00000)
  from space 43520K, 0% used [0x00000000fab00000,0x00000000fab00000,0x00000000fd580000)
  to   space 43520K, 0% used [0x00000000fd580000,0x00000000fd580000,0x0000000100000000)
 ParOldGen       total 699392K, used 18104K [0x00000000c0000000, 0x00000000eab00000, 0x00000000eab00000)
  object space 699392K, 2% used [0x00000000c0000000,0x00000000c11ae3d8,0x00000000eab00000)
 Metaspace       used 29400K, capacity 29714K, committed 29952K, reserved 1075200K
  class space    used 4100K, capacity 4234K, committed 4352K, reserved 1048576K

Card table byte_map: [0x0000000012770000,0x0000000012980000] byte_map_base: 0x0000000012170000

Marking Bits: (ParMarkBitMap*) 0x0000000071069f30
 Begin Bits: [0x00000000132e0000, 0x00000000142e0000)
 End Bits:   [0x00000000142e0000, 0x00000000152e0000)

Polling page: 0x00000000031b0000

CodeCache: size=245760Kb used=8913Kb max_used=8913Kb free=236846Kb
 bounds [0x00000000033b0000, 0x0000000003c70000, 0x00000000123b0000]
 total_blobs=2963 nmethods=2297 adapters=579
 compilation: enabled

Compilation events (10 events):
Event: 3.799 Thread 0x0000000017cca000 nmethod 2295 0x0000000003c54950 code [0x0000000003c54aa0, 0x0000000003c54c10]
Event: 3.802 Thread 0x0000000017cca000 2296       3       java.util.Collections::addAll (43 bytes)
Event: 3.802 Thread 0x0000000017cca000 nmethod 2296 0x0000000003c54390 code [0x0000000003c54500, 0x0000000003c54808]
Event: 3.812 Thread 0x0000000017cbe000 2297   !   4       java.net.URLClassLoader$1::run (63 bytes)
Event: 3.834 Thread 0x0000000017cca000 2299       1       java.lang.reflect.Constructor::getSignature (5 bytes)
Event: 3.834 Thread 0x0000000017cca000 nmethod 2299 0x0000000003c63690 code [0x0000000003c637e0, 0x0000000003c638f0]
Event: 3.835 Thread 0x0000000017cca000 2300       3       org.gradle.internal.reflect.ReflectionCache$WeaklyClassReferencingCache::<init> (6 bytes)
Event: 3.836 Thread 0x0000000017cca000 nmethod 2300 0x0000000003c63150 code [0x0000000003c632e0, 0x0000000003c63548]
Event: 3.836 Thread 0x0000000017cca000 2301       3       org.gradle.internal.reflect.ReflectionCache$WeaklyClassReferencingCache::<init> (10 bytes)
Event: 3.836 Thread 0x0000000017cca000 nmethod 2301 0x0000000003c62cd0 code [0x0000000003c62e60, 0x0000000003c63068]

GC Heap History (4 events):
Event: 2.751 GC heap before
{Heap before GC invocations=1 (full 0):
 PSYoungGen      total 305664K, used 225463K [0x00000000eab00000, 0x0000000100000000, 0x0000000100000000)
  eden space 262144K, 86% used [0x00000000eab00000,0x00000000f872dfc8,0x00000000fab00000)
  from space 43520K, 0% used [0x00000000fd580000,0x00000000fd580000,0x0000000100000000)
  to   space 43520K, 0% used [0x00000000fab00000,0x00000000fab00000,0x00000000fd580000)
 ParOldGen       total 699392K, used 0K [0x00000000c0000000, 0x00000000eab00000, 0x00000000eab00000)
  object space 699392K, 0% used [0x00000000c0000000,0x00000000c0000000,0x00000000eab00000)
 Metaspace       used 20855K, capacity 21176K, committed 21248K, reserved 1067008K
  class space    used 2915K, capacity 3060K, committed 3072K, reserved 1048576K
Event: 2.776 GC heap after
Heap after GC invocations=1 (full 0):
 PSYoungGen      total 305664K, used 18873K [0x00000000eab00000, 0x0000000100000000, 0x0000000100000000)
  eden space 262144K, 0% used [0x00000000eab00000,0x00000000eab00000,0x00000000fab00000)
  from space 43520K, 43% used [0x00000000fab00000,0x00000000fbd6e7e8,0x00000000fd580000)
  to   space 43520K, 0% used [0x00000000fd580000,0x00000000fd580000,0x0000000100000000)
 ParOldGen       total 699392K, used 16K [0x00000000c0000000, 0x00000000eab00000, 0x00000000eab00000)
  object space 699392K, 0% used [0x00000000c0000000,0x00000000c0004000,0x00000000eab00000)
 Metaspace       used 20855K, capacity 21176K, committed 21248K, reserved 1067008K
  class space    used 2915K, capacity 3060K, committed 3072K, reserved 1048576K
}
Event: 2.776 GC heap before
{Heap before GC invocations=2 (full 1):
 PSYoungGen      total 305664K, used 18873K [0x00000000eab00000, 0x0000000100000000, 0x0000000100000000)
  eden space 262144K, 0% used [0x00000000eab00000,0x00000000eab00000,0x00000000fab00000)
  from space 43520K, 43% used [0x00000000fab00000,0x00000000fbd6e7e8,0x00000000fd580000)
  to   space 43520K, 0% used [0x00000000fd580000,0x00000000fd580000,0x0000000100000000)
 ParOldGen       total 699392K, used 16K [0x00000000c0000000, 0x00000000eab00000, 0x00000000eab00000)
  object space 699392K, 0% used [0x00000000c0000000,0x00000000c0004000,0x00000000eab00000)
 Metaspace       used 20855K, capacity 21176K, committed 21248K, reserved 1067008K
  class space    used 2915K, capacity 3060K, committed 3072K, reserved 1048576K
Event: 2.820 GC heap after
Heap after GC invocations=2 (full 1):
 PSYoungGen      total 305664K, used 0K [0x00000000eab00000, 0x0000000100000000, 0x0000000100000000)
  eden space 262144K, 0% used [0x00000000eab00000,0x00000000eab00000,0x00000000fab00000)
  from space 43520K, 0% used [0x00000000fab00000,0x00000000fab00000,0x00000000fd580000)
  to   space 43520K, 0% used [0x00000000fd580000,0x00000000fd580000,0x0000000100000000)
 ParOldGen       total 699392K, used 18104K [0x00000000c0000000, 0x00000000eab00000, 0x00000000eab00000)
  object space 699392K, 2% used [0x00000000c0000000,0x00000000c11ae3d8,0x00000000eab00000)
 Metaspace       used 20855K, capacity 21176K, committed 21248K, reserved 1067008K
  class space    used 2915K, capacity 3060K, committed 3072K, reserved 1048576K
}

Deoptimization events (10 events):
Event: 2.967 Thread 0x0000000019e5f800 Uncommon trap: reason=class_check action=maybe_recompile pc=0x0000000003927364 method=sun.misc.URLClassPath.getLoader(I)Lsun/misc/URLClassPath$Loader; @ 239
Event: 2.976 Thread 0x0000000019e5f800 Uncommon trap: reason=class_check action=maybe_recompile pc=0x0000000003927364 method=sun.misc.URLClassPath.getLoader(I)Lsun/misc/URLClassPath$Loader; @ 239
Event: 3.119 Thread 0x0000000019e5f800 Uncommon trap: reason=unstable_if action=reinterpret pc=0x00000000037fefa0 method=java.util.HashMap.hash(Ljava/lang/Object;)I @ 1
Event: 3.171 Thread 0x0000000019e5f800 Uncommon trap: reason=unstable_if action=reinterpret pc=0x000000000360d578 method=java.util.HashMap.getNode(ILjava/lang/Object;)Ljava/util/HashMap$Node; @ 53
Event: 3.171 Thread 0x0000000019e5f800 Uncommon trap: reason=unstable_if action=reinterpret pc=0x000000000361c7b0 method=java.util.HashMap.hash(Ljava/lang/Object;)I @ 1
Event: 3.171 Thread 0x0000000019e5f800 Uncommon trap: reason=unstable_if action=reinterpret pc=0x00000000037d4e54 method=java.util.HashMap.putVal(ILjava/lang/Object;Ljava/lang/Object;ZZ)Ljava/lang/Object; @ 85
Event: 3.182 Thread 0x0000000019e5f800 Uncommon trap: reason=unstable_if action=reinterpret pc=0x0000000003668530 method=java.util.LinkedHashMap.afterNodeInsertion(Z)V @ 1
Event: 3.335 Thread 0x0000000019e5f800 Uncommon trap: reason=class_check action=maybe_recompile pc=0x0000000003927148 method=sun.misc.URLClassPath.getLoader(I)Lsun/misc/URLClassPath$Loader; @ 94
Event: 3.339 Thread 0x0000000019e5f800 Uncommon trap: reason=class_check action=maybe_recompile pc=0x00000000038ef174 method=sun.misc.URLClassPath.getLoader(I)Lsun/misc/URLClassPath$Loader; @ 239
Event: 3.416 Thread 0x0000000019e5f800 Uncommon trap: reason=unstable_if action=reinterpret pc=0x000000000364ae4c method=java.io.WinNTFileSystem.resolve(Ljava/lang/String;Ljava/lang/String;)Ljava/lang/String; @ 49

Classes redefined (0 events):
No events

Internal exceptions (10 events):
Event: 3.467 Thread 0x0000000019e5f800 Exception <a 'java/lang/ClassNotFoundException': org/gradle/api/internal/DefaultDomainObjectCollectionCustomizer> (0x00000000ef7ecaa0) thrown at [D:\src\AOSP-openjdk-cygwin\jdk8u\hotspot\src\share\vm\classfile\systemDictionary.cpp, line 210]
Event: 3.470 Thread 0x0000000019e5f800 Exception <a 'java/lang/ClassNotFoundException': org/gradle/api/internal/DefaultNamedDomainObjectCollectionCustomizer> (0x00000000ef847c88) thrown at [D:\src\AOSP-openjdk-cygwin\jdk8u\hotspot\src\share\vm\classfile\systemDictionary.cpp, line 210]
Event: 3.475 Thread 0x0000000019e5f800 Exception <a 'java/lang/ClassNotFoundException': org/gradle/api/internal/DefaultNamedDomainObjectListCustomizer> (0x00000000ef8be298) thrown at [D:\src\AOSP-openjdk-cygwin\jdk8u\hotspot\src\share\vm\classfile\systemDictionary.cpp, line 210]
Event: 3.477 Thread 0x0000000019e5f800 Exception <a 'java/lang/ClassNotFoundException': org/gradle/api/internal/artifacts/DefaultArtifactRepositoryContainerCustomizer> (0x00000000ef931f68) thrown at [D:\src\AOSP-openjdk-cygwin\jdk8u\hotspot\src\share\vm\classfile\systemDictionary.cpp, line 210
Event: 3.479 Thread 0x0000000019e5f800 Exception <a 'java/lang/ClassNotFoundException': org/gradle/api/internal/artifacts/dsl/DefaultRepositoryHandlerCustomizer> (0x00000000ef998098) thrown at [D:\src\AOSP-openjdk-cygwin\jdk8u\hotspot\src\share\vm\classfile\systemDictionary.cpp, line 210]
Event: 3.481 Thread 0x0000000019e5f800 Exception <a 'java/lang/ClassNotFoundException': org/gradle/api/internal/artifacts/dsl/DefaultRepositoryHandler_DecoratedCustomizer> (0x00000000efa07570) thrown at [D:\src\AOSP-openjdk-cygwin\jdk8u\hotspot\src\share\vm\classfile\systemDictionary.cpp, line
Event: 3.700 Thread 0x0000000019e5f800 Exception <a 'java/lang/ClassNotFoundException': org/gradle/api/internal/artifacts/dsl/dependencies/DefaultDependencyHandler_DecoratedBeanInfo> (0x00000000f1525590) thrown at [D:\src\AOSP-openjdk-cygwin\jdk8u\hotspot\src\share\vm\classfile\systemDictionar
Event: 3.701 Thread 0x0000000019e5f800 Exception <a 'java/lang/ClassNotFoundException': org/gradle/api/internal/artifacts/dsl/dependencies/DefaultDependencyHandlerBeanInfo> (0x00000000f15778f8) thrown at [D:\src\AOSP-openjdk-cygwin\jdk8u\hotspot\src\share\vm\classfile\systemDictionary.cpp, lin
Event: 3.702 Thread 0x0000000019e5f800 Exception <a 'java/lang/ClassNotFoundException': org/gradle/api/internal/artifacts/dsl/dependencies/DefaultDependencyHandlerCustomizer> (0x00000000f15cabe0) thrown at [D:\src\AOSP-openjdk-cygwin\jdk8u\hotspot\src\share\vm\classfile\systemDictionary.cpp, l
Event: 3.704 Thread 0x0000000019e5f800 Exception <a 'java/lang/ClassNotFoundException': org/gradle/api/internal/artifacts/dsl/dependencies/DefaultDependencyHandler_DecoratedCustomizer> (0x00000000f16451d8) thrown at [D:\src\AOSP-openjdk-cygwin\jdk8u\hotspot\src\share\vm\classfile\systemDiction

Events (10 events):
Event: 3.868 loading class org/gradle/internal/component/local/model/DslOriginDependencyMetadataWrapper
Event: 3.868 loading class org/gradle/internal/component/local/model/DslOriginDependencyMetadataWrapper done
Event: 3.868 loading class org/gradle/internal/component/local/model/DslOriginDependencyMetadata
Event: 3.868 loading class org/gradle/internal/component/local/model/DslOriginDependencyMetadata done
Event: 3.869 loading class org/gradle/api/internal/artifacts/ExcludeRuleNotationConverter
Event: 3.869 loading class org/gradle/api/internal/artifacts/ExcludeRuleNotationConverter done
Event: 3.869 loading class org/gradle/api/artifacts/ExcludeRule
Event: 3.869 loading class org/gradle/api/artifacts/ExcludeRule done
Event: 3.869 loading class org/gradle/api/internal/artifacts/ivyservice/resolveengine/graph/builder/DefaultPendingDependenciesHandler$DefaultVisitor
Event: 3.869 loading class org/gradle/api/internal/artifacts/ivyservice/resolveengine/graph/builder/DefaultPendingDependenciesHandler$DefaultVisitor done


Dynamic libraries:
0x00007ff784e80000 - 0x00007ff784eb1000 	D:\android\jre\bin\java.exe
0x00007ffa16970000 - 0x00007ffa16b5d000 	C:\WINDOWS\SYSTEM32\ntdll.dll
0x00007ffa16430000 - 0x00007ffa164e3000 	C:\WINDOWS\System32\KERNEL32.DLL
0x00007ffa12d90000 - 0x00007ffa13023000 	C:\WINDOWS\System32\KERNELBASE.dll
0x00007ffa16380000 - 0x00007ffa16423000 	C:\WINDOWS\System32\ADVAPI32.dll
0x00007ffa13ba0000 - 0x00007ffa13c3e000 	C:\WINDOWS\System32\msvcrt.dll
0x00007ffa16100000 - 0x00007ffa1619e000 	C:\WINDOWS\System32\sechost.dll
0x00007ffa164f0000 - 0x00007ffa16612000 	C:\WINDOWS\System32\RPCRT4.dll
0x00007ffa166f0000 - 0x00007ffa16887000 	C:\WINDOWS\System32\USER32.dll
0x00007ffa12d70000 - 0x00007ffa12d90000 	C:\WINDOWS\System32\win32u.dll
0x00007ffa16620000 - 0x00007ffa16649000 	C:\WINDOWS\System32\GDI32.dll
0x00007ffa12bd0000 - 0x00007ffa12d69000 	C:\WINDOWS\System32\gdi32full.dll
0x00007ffa13860000 - 0x00007ffa13900000 	C:\WINDOWS\System32\msvcp_win.dll
0x00007ffa12a50000 - 0x00007ffa12b4a000 	C:\WINDOWS\System32\ucrtbase.dll
0x00007ffa03140000 - 0x00007ffa033b9000 	C:\WINDOWS\WinSxS\amd64_microsoft.windows.common-controls_6595b64144ccf1df_6.0.17763.737_none_05b6437c071e554b\COMCTL32.dll
0x00007ffa15cc0000 - 0x00007ffa15fec000 	C:\WINDOWS\System32\combase.dll
0x00007ffa12b50000 - 0x00007ffa12bce000 	C:\WINDOWS\System32\bcryptPrimitives.dll
0x00007ffa13c40000 - 0x00007ffa13c6e000 	C:\WINDOWS\System32\IMM32.DLL
0x00000000707c0000 - 0x0000000070892000 	D:\android\jre\jre\bin\msvcr100.dll
0x00000000708a0000 - 0x00000000710e6000 	D:\android\jre\jre\bin\server\jvm.dll
0x00007ffa13b90000 - 0x00007ffa13b98000 	C:\WINDOWS\System32\PSAPI.DLL
0x00007ffa10920000 - 0x00007ffa10944000 	C:\WINDOWS\SYSTEM32\WINMM.dll
0x00007ffa11510000 - 0x00007ffa11519000 	C:\WINDOWS\SYSTEM32\WSOCK32.dll
0x00007ffa09d90000 - 0x00007ffa09d9a000 	C:\WINDOWS\SYSTEM32\VERSION.dll
0x00007ffa16310000 - 0x00007ffa1637d000 	C:\WINDOWS\System32\WS2_32.dll
0x00007ffa107f0000 - 0x00007ffa1081d000 	C:\WINDOWS\SYSTEM32\WINMMBASE.dll
0x00007ffa13900000 - 0x00007ffa1394a000 	C:\WINDOWS\System32\cfgmgr32.dll
0x00007ffa0e7b0000 - 0x00007ffa0e7bf000 	D:\android\jre\jre\bin\verify.dll
0x00007ffa00fe0000 - 0x00007ffa01009000 	D:\android\jre\jre\bin\java.dll
0x00007ffa0dbf0000 - 0x00007ffa0dc06000 	D:\android\jre\jre\bin\zip.dll
0x00007ffa14760000 - 0x00007ffa15c52000 	C:\WINDOWS\System32\SHELL32.dll
0x00007ffa16050000 - 0x00007ffa160f8000 	C:\WINDOWS\System32\shcore.dll
0x00007ffa130e0000 - 0x00007ffa1382a000 	C:\WINDOWS\System32\windows.storage.dll
0x00007ffa129a0000 - 0x00007ffa129c4000 	C:\WINDOWS\System32\profapi.dll
0x00007ffa129d0000 - 0x00007ffa12a2d000 	C:\WINDOWS\System32\powrprof.dll
0x00007ffa15ff0000 - 0x00007ffa16042000 	C:\WINDOWS\System32\shlwapi.dll
0x00007ffa12960000 - 0x00007ffa12971000 	C:\WINDOWS\System32\kernel.appcore.dll
0x00007ffa12a30000 - 0x00007ffa12a47000 	C:\WINDOWS\System32\cryptsp.dll
0x00007ffa0d4c0000 - 0x00007ffa0d4da000 	D:\android\jre\jre\bin\net.dll
0x00007ffa12170000 - 0x00007ffa121d7000 	C:\WINDOWS\system32\mswsock.dll
0x00007ffa0be10000 - 0x00007ffa0be21000 	D:\android\jre\jre\bin\nio.dll
0x00007ffa00e60000 - 0x00007ffa00e7e000 	C:\Users\Kamurapi\.gradle\native\25\windows-amd64\native-platform.dll
0x00007ffa0e780000 - 0x00007ffa0e78d000 	D:\android\jre\jre\bin\management.dll
0x00007ffa11cf0000 - 0x00007ffa11d23000 	C:\WINDOWS\system32\rsaenh.dll
0x00007ffa13830000 - 0x00007ffa13856000 	C:\WINDOWS\System32\bcrypt.dll
0x00007ffa12890000 - 0x00007ffa128b8000 	C:\WINDOWS\SYSTEM32\USERENV.dll
0x00007ffa123a0000 - 0x00007ffa123ac000 	C:\WINDOWS\SYSTEM32\CRYPTBASE.dll
0x00007ffa11e90000 - 0x00007ffa11ecd000 	C:\WINDOWS\SYSTEM32\IPHLPAPI.DLL
0x00007ffa16300000 - 0x00007ffa16308000 	C:\WINDOWS\System32\NSI.dll
0x00007ffa0a1e0000 - 0x00007ffa0a1f6000 	C:\WINDOWS\SYSTEM32\dhcpcsvc6.DLL
0x00007ffa0b4e0000 - 0x00007ffa0b4fc000 	C:\WINDOWS\SYSTEM32\dhcpcsvc.DLL
0x00007ffa11ed0000 - 0x00007ffa11f96000 	C:\WINDOWS\SYSTEM32\DNSAPI.dll

VM Arguments:
jvm_args: -Xmx1536m -Dfile.encoding=windows-1252 -Duser.country=US -Duser.language=en -Duser.variant -Xmx1024M -Xms1024M 
java_command: org.gradle.launcher.daemon.bootstrap.GradleDaemon 4.10.1
java_class_path (initial): C:\Users\Kamurapi\.gradle\wrapper\dists\gradle-4.10.1-all\455itskqi2qtf0v2sja68alqd\gradle-4.10.1\lib\gradle-launcher-4.10.1.jar
Launcher Type: SUN_STANDARD

Environment Variables:
JAVA_HOME=C:\Program Files\Java\jdk1.8.0_201
JRE_HOME=C:\Program Files\Java\jre1.8.0_201
_JAVA_OPTIONS=-Xmx1024M -Xms1024M
PATH=C:\ProgramData\Anaconda3;C:\ProgramData\Anaconda3\Library\mingw-w64\bin;C:\ProgramData\Anaconda3\Library\usr\bin;C:\ProgramData\Anaconda3\Library\bin;C:\ProgramData\Anaconda3\Scripts;C:\Program Files (x86)\Common Files\Oracle\Java\javapath;C:\oraclexe\app\oracle\product\10.2.0\server\bin;C:\ProgramData\Oracle\Java\javapath;C:\Windows\system32;C:\Windows;C:\Windows\System32\Wbem;C:\Windows\System32\WindowsPowerShell\v1.0\;C:\Program Files (x86)\NVIDIA Corporation\PhysX\Common;C:\Program Files\Intel\WiFi\bin\;C:\Program Files\Common Files\Intel\WirelessCommon\;C:\Program Files (x86)\GtkSharp\2.12\bin;C:\Program Files\dotnet\;C:\WINDOWS\system32;C:\WINDOWS;C:\WINDOWS\System32\Wbem;C:\WINDOWS\System32\WindowsPowerShell\v1.0\;C:\Program Files\PuTTY\;C:\Program Files\MiKTeX 2.9\miktex\bin\x64\;C:\WINDOWS\System32\OpenSSH\;C:\Program Files\Git\cmd;C:\Program Files\NVIDIA Corporation\NVIDIA NvDLISR;C:\Program Files\nodejs\;C:\xampp\php;D:\Vagrant\bin;D:\big_data\spark\spark-2.3.3-bin-hadoop2.7\bin;C:\Program Files\Java\jdk1.8.0_201\bin;C:\Users\Kamurapi\AppData\Local\Programs\Python\Python36;C:\WINDOWS\system32;C:\WINDOWS;C:\WINDOWS\System32\Wbem;C:\WINDOWS\System32\WindowsPowerShell\v1.0\;C:\WINDOWS\System32\OpenSSH\;C:\FPC\3.0.2\bin\i386-Win32;C:\composer;C:\Tools\zookeeper-3.4.9\bin;C:\Program Files\MySQL\MySQL Shell 8.0\bin\;C:\Users\Kamurapi\AppData\Local\Programs\Microsoft VS Code\bin;C:\Users\Kamurapi\AppData\Local\GitHubDesktop\bin
USERNAME=Kamurapi
OS=Windows_NT
PROCESSOR_IDENTIFIER=Intel64 Family 6 Model 94 Stepping 3, GenuineIntel



---------------  S Y S T E M  ---------------

OS: Windows 10.0 , 64 bit Build 17763 (10.0.17763.475)

CPU:total 8 (initial active 8) (4 cores per cpu, 2 threads per core) family 6 model 94 stepping 3, cmov, cx8, fxsr, mmx, sse, sse2, sse3, ssse3, sse4.1, sse4.2, popcnt, avx, avx2, aes, clmul, erms, rtm, 3dnowpref, lzcnt, ht, tsc, tscinvbit, bmi1, bmi2, adx

Memory: 4k page, physical 8278804k(671160k free), swap 33444628k(5372k free)

vm_info: OpenJDK 64-Bit Server VM (25.202-b03) for windows-amd64 JRE (1.8.0_202-release-1483-b03), built by "builder" with MS VC++ 10.0 (VS2010)

time: Thu Sep 19 18:52:34 2019
timezone: SE Asia Standard Time
elapsed time: 3 seconds (0d 0h 0m 3s)

